This is pdfTeX, Version 3.141592653-2.6-1.40.26 (MiKTeX 24.3.31) (preloaded format=pdflatex 2024.4.11)  20 FEB 2026 09:34
entering extended mode
 restricted \write18 enabled.
 %&-line parsing enabled.
**./main.tex
(main.tex
LaTeX2e <2023-11-01> patch level 1
L3 programming layer <2024-03-14>
(sbatex.cls
Document Class: sbatex 2000/12/18 LaTeX2e class for Revista SBA - 1.0 alpha

(C:\Users\ronie.porfirio\AppData\Local\Programs\MiKTeX\tex/latex/base\ifthen.st
y
Package: ifthen 2022/04/13 v1.1d Standard LaTeX ifthen package (DPC)
)
(C:\Users\ronie.porfirio\AppData\Local\Programs\MiKTeX\tex/latex/tools\calc.sty
Package: calc 2023/07/08 v4.3 Infix arithmetic (KKT,FJ)
\calc@Acount=\count188
\calc@Bcount=\count189
\calc@Adimen=\dimen140
\calc@Bdimen=\dimen141
\calc@Askip=\skip48
\calc@Bskip=\skip49
LaTeX Info: Redefining \setlength on input line 80.
LaTeX Info: Redefining \addtolength on input line 81.
\calc@Ccount=\count190
\calc@Cskip=\skip50
)
(C:\Users\ronie.porfirio\AppData\Local\Programs\MiKTeX\tex/latex/base\article.c
ls
Document Class: article 2023/05/17 v1.4n Standard LaTeX document class

(C:\Users\ronie.porfirio\AppData\Local\Programs\MiKTeX\tex/latex/base\size10.cl
o
File: size10.clo 2023/05/17 v1.4n Standard LaTeX file (size option)
)
\c@part=\count191
\c@section=\count192
\c@subsection=\count193
\c@subsubsection=\count194
\c@paragraph=\count195
\c@subparagraph=\count196
\c@figure=\count197
\c@table=\count198
\abovecaptionskip=\skip51
\belowcaptionskip=\skip52
\bibindent=\dimen142
)
(C:\Users\ronie.porfirio\AppData\Local\Programs\MiKTeX\tex/generic/babel\babel.
sty
Package: babel 2024/02/07 v24.2 The Babel package
\babel@savecnt=\count199
\U@D=\dimen143
\l@unhyphenated=\language79

(C:\Users\ronie.porfirio\AppData\Local\Programs\MiKTeX\tex/generic/babel\txtbab
el.def)
\bbl@readstream=\read2
\bbl@dirlevel=\count266

*************************************
* Local config file bblopts.cfg used
*

(C:\Users\ronie.porfirio\AppData\Local\Programs\MiKTeX\tex/latex/arabi\bblopts.
cfg
File: bblopts.cfg 2005/09/08 v0.1 add Arabic and Farsi to "declared" options of
 babel
)
Package babel Info: You haven't specified a language as a class or package
(babel)             option. I'll load 'nil'. Reported on input line 4258.

(C:\Users\ronie.porfirio\AppData\Local\Programs\MiKTeX\tex/generic/babel\nil.ld
f
Language: nil 2024/02/07 v24.2 Nil language
\l@nil=\language80
))
(C:\Users\ronie.porfirio\AppData\Local\Programs\MiKTeX\tex/latex/tools\theorem.
sty
Package: theorem 2023/07/05 v2.2c Theorem extension package (FMi)
\theorem@style=\toks17
\theorem@bodyfont=\toks18
\theorempreskipamount=\skip53
\theorempostskipamount=\skip54

(C:\Users\ronie.porfirio\AppData\Local\Programs\MiKTeX\tex/latex/tools\thp.sty
File: thp.sty 2023/07/05 v2.2c Theorem extension package (FMi)
))
(C:\Users\ronie.porfirio\AppData\Local\Programs\MiKTeX\tex/latex/geometry\geome
try.sty
Package: geometry 2020/01/02 v5.9 Page Geometry

(C:\Users\ronie.porfirio\AppData\Local\Programs\MiKTeX\tex/latex/graphics\keyva
l.sty
Package: keyval 2022/05/29 v1.15 key=value parser (DPC)
\KV@toks@=\toks19
)
(C:\Users\ronie.porfirio\AppData\Local\Programs\MiKTeX\tex/generic/iftex\ifvtex
.sty
Package: ifvtex 2019/10/25 v1.7 ifvtex legacy package. Use iftex instead.

(C:\Users\ronie.porfirio\AppData\Local\Programs\MiKTeX\tex/generic/iftex\iftex.
sty
Package: iftex 2022/02/03 v1.0f TeX engine tests
))
\Gm@cnth=\count267
\Gm@cntv=\count268
\c@Gm@tempcnt=\count269
\Gm@bindingoffset=\dimen144
\Gm@wd@mp=\dimen145
\Gm@odd@mp=\dimen146
\Gm@even@mp=\dimen147
\Gm@layoutwidth=\dimen148
\Gm@layoutheight=\dimen149
\Gm@layouthoffset=\dimen150
\Gm@layoutvoffset=\dimen151
\Gm@dimlist=\toks20

(C:\Users\ronie.porfirio\AppData\Local\Programs\MiKTeX\tex/latex/geometry\geome
try.cfg))
(C:\Users\ronie.porfirio\AppData\Local\Programs\MiKTeX\tex/latex/base\latexsym.
sty
Package: latexsym 1998/08/17 v2.2e Standard LaTeX package (lasy symbols)
\symlasy=\mathgroup4
LaTeX Font Info:    Overwriting symbol font `lasy' in version `bold'
(Font)                  U/lasy/m/n --> U/lasy/b/n on input line 52.
)
\c@address=\count270
\c@theorem=\count271
)
(C:\Users\ronie.porfirio\AppData\Local\Programs\MiKTeX\tex/latex/harvard\harvar
d.sty
Package: harvard 
) (cfg.tex
(C:\Users\ronie.porfirio\AppData\Local\Programs\MiKTeX\tex/latex/subfigure\subf
igure.sty
Package: subfigure 2002/07/30 v2.1.4 subfigure package
\subfigtopskip=\skip55
\subfigcapskip=\skip56
\subfigcaptopadj=\dimen152
\subfigbottomskip=\skip57
\subfigcapmargin=\dimen153
\subfiglabelskip=\skip58
\c@subfigure=\count272
\c@lofdepth=\count273
\c@subtable=\count274
\c@lotdepth=\count275

****************************************
* Local config file subfigure.cfg used *
****************************************

(C:\Users\ronie.porfirio\AppData\Local\Programs\MiKTeX\tex/latex/subfigure\subf
igure.cfg)
\subfig@top=\skip59
\subfig@bottom=\skip60
)
(C:\Users\ronie.porfirio\AppData\Local\Programs\MiKTeX\tex/latex/amsmath\amsmat
h.sty
Package: amsmath 2023/05/13 v2.17o AMS math features
\@mathmargin=\skip61

For additional information on amsmath, use the `?' option.

(C:\Users\ronie.porfirio\AppData\Local\Programs\MiKTeX\tex/latex/amsmath\amstex
t.sty
Package: amstext 2021/08/26 v2.01 AMS text

(C:\Users\ronie.porfirio\AppData\Local\Programs\MiKTeX\tex/latex/amsmath\amsgen
.sty
File: amsgen.sty 1999/11/30 v2.0 generic functions
\@emptytoks=\toks21
\ex@=\dimen154
))
(C:\Users\ronie.porfirio\AppData\Local\Programs\MiKTeX\tex/latex/amsmath\amsbsy
.sty
Package: amsbsy 1999/11/29 v1.2d Bold Symbols
\pmbraise@=\dimen155
)
(C:\Users\ronie.porfirio\AppData\Local\Programs\MiKTeX\tex/latex/amsmath\amsopn
.sty
Package: amsopn 2022/04/08 v2.04 operator names
)
\inf@bad=\count276
LaTeX Info: Redefining \frac on input line 234.
\uproot@=\count277
\leftroot@=\count278
LaTeX Info: Redefining \overline on input line 399.
LaTeX Info: Redefining \colon on input line 410.
\classnum@=\count279
\DOTSCASE@=\count280
LaTeX Info: Redefining \ldots on input line 496.
LaTeX Info: Redefining \dots on input line 499.
LaTeX Info: Redefining \cdots on input line 620.
\Mathstrutbox@=\box51
\strutbox@=\box52
LaTeX Info: Redefining \big on input line 722.
LaTeX Info: Redefining \Big on input line 723.
LaTeX Info: Redefining \bigg on input line 724.
LaTeX Info: Redefining \Bigg on input line 725.
\big@size=\dimen156
LaTeX Font Info:    Redeclaring font encoding OML on input line 743.
LaTeX Font Info:    Redeclaring font encoding OMS on input line 744.
\macc@depth=\count281
LaTeX Info: Redefining \bmod on input line 905.
LaTeX Info: Redefining \pmod on input line 910.
LaTeX Info: Redefining \smash on input line 940.
LaTeX Info: Redefining \relbar on input line 970.
LaTeX Info: Redefining \Relbar on input line 971.
\c@MaxMatrixCols=\count282
\dotsspace@=\muskip16
\c@parentequation=\count283
\dspbrk@lvl=\count284
\tag@help=\toks22
\row@=\count285
\column@=\count286
\maxfields@=\count287
\andhelp@=\toks23
\eqnshift@=\dimen157
\alignsep@=\dimen158
\tagshift@=\dimen159
\tagwidth@=\dimen160
\totwidth@=\dimen161
\lineht@=\dimen162
\@envbody=\toks24
\multlinegap=\skip62
\multlinetaggap=\skip63
\mathdisplay@stack=\toks25
LaTeX Info: Redefining \[ on input line 2953.
LaTeX Info: Redefining \] on input line 2954.
)
(C:\Users\ronie.porfirio\AppData\Local\Programs\MiKTeX\tex/latex/amsfonts\amsfo
nts.sty
Package: amsfonts 2013/01/14 v3.01 Basic AMSFonts support
\symAMSa=\mathgroup5
\symAMSb=\mathgroup6
LaTeX Font Info:    Redeclaring math symbol \hbar on input line 98.
LaTeX Font Info:    Overwriting math alphabet `\mathfrak' in version `bold'
(Font)                  U/euf/m/n --> U/euf/b/n on input line 106.
)
(C:\Users\ronie.porfirio\AppData\Local\Programs\MiKTeX\tex/latex/amsfonts\amssy
mb.sty
Package: amssymb 2013/01/14 v3.01 AMS font symbols
)
(C:\Users\ronie.porfirio\AppData\Local\Programs\MiKTeX\tex/latex/amsmath\amscd.
sty
Package: amscd 2017/04/14 v2.1 AMS Commutative Diagrams
\athelp@=\toks26
\minaw@=\dimen163
\bigaw@=\dimen164
\minCDarrowwidth=\dimen165
)
(C:\Users\ronie.porfirio\AppData\Local\Programs\MiKTeX\tex/latex/lastpage\lastp
age.sty
Package: lastpage 2023/10/14 v2.0e lastpage: 2.09 or 2e? (HMM)

(C:\Users\ronie.porfirio\AppData\Local\Programs\MiKTeX\tex/latex/lastpage\lastp
age2e.sty
Package: lastpage2e 2023/10/14 v2.0e Decide which 2e lastpage version to use (H
MM)

(C:\Users\ronie.porfirio\AppData\Local\Programs\MiKTeX\tex/latex/lastpage\lastp
agemodern.sty
Package: lastpagemodern 2023-10-14 v2.0e Refers to last page's name (HMM; JPG)
\c@lastpagecount=\count288
) 
))
(C:\Users\ronie.porfirio\AppData\Local\Programs\MiKTeX\tex/latex/tools\enumerat
e.sty
Package: enumerate 2023/07/04 v3.00 enumerate extensions (DPC)
\@enLab=\toks27
)
(C:\Users\ronie.porfirio\AppData\Local\Programs\MiKTeX\tex/latex/fancyhdr\fancy
hdr.sty
Package: fancyhdr 2022/11/09 v4.1 Extensive control of page headers and footers

\f@nch@headwidth=\skip64
\f@nch@O@elh=\skip65
\f@nch@O@erh=\skip66
\f@nch@O@olh=\skip67
\f@nch@O@orh=\skip68
\f@nch@O@elf=\skip69
\f@nch@O@erf=\skip70
\f@nch@O@olf=\skip71
\f@nch@O@orf=\skip72
)
(C:\Users\ronie.porfirio\AppData\Local\Programs\MiKTeX\tex/latex/jknappen\mathr
sfs.sty
Package: mathrsfs 1996/01/01 Math RSFS package v1.0 (jk)
\symrsfs=\mathgroup7
)
(C:\Users\ronie.porfirio\AppData\Local\Programs\MiKTeX\tex/latex/xcolor\xcolor.
sty
Package: xcolor 2023/11/15 v3.01 LaTeX color extensions (UK)

(C:\Users\ronie.porfirio\AppData\Local\Programs\MiKTeX\tex/latex/graphics-cfg\c
olor.cfg
File: color.cfg 2016/01/02 v1.6 sample color configuration
)
Package xcolor Info: Driver file: pdftex.def on input line 274.

(C:\Users\ronie.porfirio\AppData\Local\Programs\MiKTeX\tex/latex/graphics-def\p
dftex.def
File: pdftex.def 2022/09/22 v1.2b Graphics/color driver for pdftex
)
(C:\Users\ronie.porfirio\AppData\Local\Programs\MiKTeX\tex/latex/graphics\mathc
olor.ltx)
Package xcolor Info: Model `cmy' substituted by `cmy0' on input line 1350.
Package xcolor Info: Model `hsb' substituted by `rgb' on input line 1354.
Package xcolor Info: Model `RGB' extended on input line 1366.
Package xcolor Info: Model `HTML' substituted by `rgb' on input line 1368.
Package xcolor Info: Model `Hsb' substituted by `hsb' on input line 1369.
Package xcolor Info: Model `tHsb' substituted by `hsb' on input line 1370.
Package xcolor Info: Model `HSB' substituted by `hsb' on input line 1371.
Package xcolor Info: Model `Gray' substituted by `gray' on input line 1372.
Package xcolor Info: Model `wave' substituted by `hsb' on input line 1373.
)
(C:\Users\ronie.porfirio\AppData\Local\Programs\MiKTeX\tex/latex/colortbl\color
tbl.sty
Package: colortbl 2024/02/20 v1.0g Color table columns (DPC)

(C:\Users\ronie.porfirio\AppData\Local\Programs\MiKTeX\tex/latex/tools\array.st
y
Package: array 2023/10/16 v2.5g Tabular extension package (FMi)
\col@sep=\dimen166
\ar@mcellbox=\box53
\extrarowheight=\dimen167
\NC@list=\toks28
\extratabsurround=\skip73
\backup@length=\skip74
\ar@cellbox=\box54
)
\everycr=\toks29
\minrowclearance=\skip75
\rownum=\count289
)
(C:\Users\ronie.porfirio\AppData\Local\Programs\MiKTeX\tex/latex/graphics\graph
icx.sty
Package: graphicx 2021/09/16 v1.2d Enhanced LaTeX Graphics (DPC,SPQR)

(C:\Users\ronie.porfirio\AppData\Local\Programs\MiKTeX\tex/latex/graphics\graph
ics.sty
Package: graphics 2022/03/10 v1.4e Standard LaTeX Graphics (DPC,SPQR)

(C:\Users\ronie.porfirio\AppData\Local\Programs\MiKTeX\tex/latex/graphics\trig.
sty
Package: trig 2021/08/11 v1.11 sin cos tan (DPC)
)
(C:\Users\ronie.porfirio\AppData\Local\Programs\MiKTeX\tex/latex/graphics-cfg\g
raphics.cfg
File: graphics.cfg 2016/06/04 v1.11 sample graphics configuration
)
Package graphics Info: Driver file: pdftex.def on input line 107.
)
\Gin@req@height=\dimen168
\Gin@req@width=\dimen169
)
(C:\Users\ronie.porfirio\AppData\Local\Programs\MiKTeX\tex/latex/wrapfig\wrapfi
g.sty
\wrapoverhang=\dimen170
\WF@size=\dimen171
\c@WF@wrappedlines=\count290
\WF@box=\box55
\WF@everypar=\toks30
Package: wrapfig 2003/01/31  v 3.6
)
(C:\Users\ronie.porfirio\AppData\Local\Programs\MiKTeX\tex/latex/listings\listi
ngs.sty
\lst@mode=\count291
\lst@gtempboxa=\box56
\lst@token=\toks31
\lst@length=\count292
\lst@currlwidth=\dimen172
\lst@column=\count293
\lst@pos=\count294
\lst@lostspace=\dimen173
\lst@width=\dimen174
\lst@newlines=\count295
\lst@lineno=\count296
\lst@maxwidth=\dimen175

(C:\Users\ronie.porfirio\AppData\Local\Programs\MiKTeX\tex/latex/listings\lstpa
tch.sty
File: lstpatch.sty 2024/03/11 1.10a (Carsten Heinz)
)
(C:\Users\ronie.porfirio\AppData\Local\Programs\MiKTeX\tex/latex/listings\lstmi
sc.sty
File: lstmisc.sty 2024/03/11 1.10a (Carsten Heinz)
\c@lstnumber=\count297
\lst@skipnumbers=\count298
\lst@framebox=\box57
)
(C:\Users\ronie.porfirio\AppData\Local\Programs\MiKTeX\tex/latex/listings\listi
ngs.cfg
File: listings.cfg 2024/03/11 1.10a listings configuration
))
Package: listings 2024/03/11 1.10a (Carsten Heinz)

(C:\Users\ronie.porfirio\AppData\Local\Programs\MiKTeX\tex/latex/base\inputenc.
sty
Package: inputenc 2021/02/14 v1.3d Input encoding file
\inpenc@prehook=\toks32
\inpenc@posthook=\toks33
)
(C:\Users\ronie.porfirio\AppData\Local\Programs\MiKTeX\tex/latex/base\fontenc.s
ty
Package: fontenc 2021/04/29 v2.0v Standard LaTeX package
)
(C:\Users\ronie.porfirio\AppData\Local\Programs\MiKTeX\tex/latex/tools\multicol
.sty
Package: multicol 2023/03/30 v1.9f multicolumn formatting (FMi)
\c@tracingmulticols=\count299
\mult@box=\box58
\multicol@leftmargin=\dimen176
\c@unbalance=\count300
\c@collectmore=\count301
\doublecol@number=\count302
\multicoltolerance=\count303
\multicolpretolerance=\count304
\full@width=\dimen177
\page@free=\dimen178
\premulticols=\dimen179
\postmulticols=\dimen180
\multicolsep=\skip76
\multicolbaselineskip=\skip77
\partial@page=\box59
\last@line=\box60
\mc@boxedresult=\box61
\maxbalancingoverflow=\dimen181
\mult@rightbox=\box62
\mult@grightbox=\box63
\mult@firstbox=\box64
\mult@gfirstbox=\box65
\@tempa=\box66
\@tempa=\box67
\@tempa=\box68
\@tempa=\box69
\@tempa=\box70
\@tempa=\box71
\@tempa=\box72
\@tempa=\box73
\@tempa=\box74
\@tempa=\box75
\@tempa=\box76
\@tempa=\box77
\@tempa=\box78
\@tempa=\box79
\@tempa=\box80
\@tempa=\box81
\@tempa=\box82
\@tempa=\box83
\@tempa=\box84
\@tempa=\box85
\@tempa=\box86
\@tempa=\box87
\@tempa=\box88
\@tempa=\box89
\@tempa=\box90
\@tempa=\box91
\@tempa=\box92
\@tempa=\box93
\@tempa=\box94
\@tempa=\box95
\@tempa=\box96
\@tempa=\box97
\@tempa=\box98
\@tempa=\box99
\@tempa=\box100
\@tempa=\box101
\c@minrows=\count305
\c@columnbadness=\count306
\c@finalcolumnbadness=\count307
\last@try=\dimen182
\multicolovershoot=\dimen183
\multicolundershoot=\dimen184
\mult@nat@firstbox=\box102
\colbreak@box=\box103
\mc@col@check@num=\count308
)
(C:\Users\ronie.porfirio\AppData\Local\Programs\MiKTeX\tex/latex/multirow\multi
row.sty
Package: multirow 2024/11/12 v2.9 Span multiple rows of a table
\multirow@colwidth=\skip78
\multirow@cntb=\count309
\multirow@dima=\skip79
\bigstrutjot=\dimen185
)
(C:\Users\ronie.porfirio\AppData\Local\Programs\MiKTeX\tex/latex/tools\indentfi
rst.sty
Package: indentfirst 2023/07/02 v1.03 Indent first paragraph (DPC)
)
(C:\Users\ronie.porfirio\AppData\Local\Programs\MiKTeX\tex/latex/hyphenat\hyphe
nat.sty
Package: hyphenat 2009/09/02 v2.3c hyphenation utilities
\langwohyphens=\language81
LaTeX Info: Redefining \_ on input line 43.
)
(C:\Users\ronie.porfirio\AppData\Local\Programs\MiKTeX\tex/latex/imakeidx\imake
idx.sty
Package: imakeidx 2016/10/15 v1.3e Package for typesetting indices in a synchro
nous mode

(C:\Users\ronie.porfirio\AppData\Local\Programs\MiKTeX\tex/latex/xkeyval\xkeyva
l.sty
Package: xkeyval 2022/06/16 v2.9 package option processing (HA)

(C:\Users\ronie.porfirio\AppData\Local\Programs\MiKTeX\tex/generic/xkeyval\xkey
val.tex
(C:\Users\ronie.porfirio\AppData\Local\Programs\MiKTeX\tex/generic/xkeyval\xkvu
tils.tex
\XKV@toks=\toks34
\XKV@tempa@toks=\toks35
)
\XKV@depth=\count310
File: xkeyval.tex 2014/12/03 v2.7a key=value parser (HA)
))
(C:\Users\ronie.porfirio\AppData\Local\Programs\MiKTeX\tex/generic/iftex\ifxete
x.sty
Package: ifxetex 2019/10/25 v0.7 ifxetex legacy package. Use iftex instead.
)
(C:\Users\ronie.porfirio\AppData\Local\Programs\MiKTeX\tex/generic/iftex\ifluat
ex.sty
Package: ifluatex 2019/10/25 v1.5 ifluatex legacy package. Use iftex instead.
))
(C:\Users\ronie.porfirio\AppData\Local\Programs\MiKTeX\tex/latex/tools\xspace.s
ty
Package: xspace 2014/10/28 v1.13 Space after command names (DPC,MH)
)
(C:\Users\ronie.porfirio\AppData\Local\Programs\MiKTeX\tex/latex/caption\subcap
tion.sty
Package: subcaption 2023/07/28 v1.6b Sub-captions (AR)

(C:\Users\ronie.porfirio\AppData\Local\Programs\MiKTeX\tex/latex/caption\captio
n.sty
Package: caption 2023/08/05 v3.6o Customizing captions (AR)

(C:\Users\ronie.porfirio\AppData\Local\Programs\MiKTeX\tex/latex/caption\captio
n3.sty
Package: caption3 2023/07/31 v2.4d caption3 kernel (AR)
\caption@tempdima=\dimen186
\captionmargin=\dimen187
\caption@leftmargin=\dimen188
\caption@rightmargin=\dimen189
\caption@width=\dimen190
\caption@indent=\dimen191
\caption@parindent=\dimen192
\caption@hangindent=\dimen193
Package caption Info: Standard document class detected.
)
\c@caption@flags=\count311
\c@continuedfloat=\count312
Package caption Info: listings package is loaded.
Package caption Info: subfigure package is loaded.
Package caption Info: wrapfig package is loaded.
)
LaTeX Info: Redefining \subref on input line 189.
Package subcaption Info: The counter `subfigure' was already defined by
(subcaption)             an unknown document class or package on input line 238
.
Package subcaption Info: The counter `subtable' was already defined by
(subcaption)             an unknown document class or package on input line 238
.
)
(C:\Users\ronie.porfirio\AppData\Local\Programs\MiKTeX\tex/latex/pdflscape\pdfl
scape.sty
Package: pdflscape 2022-10-27 v0.13 Display of landscape pages in PDF

(C:\Users\ronie.porfirio\AppData\Local\Programs\MiKTeX\tex/latex/pdflscape\pdfl
scape-nometadata.sty
Package: pdflscape-nometadata 2022-10-28 v0.13 Display of landscape pages in PD
F (HO)

(C:\Users\ronie.porfirio\AppData\Local\Programs\MiKTeX\tex/latex/graphics\lscap
e.sty
Package: lscape 2020/05/28 v3.02 Landscape Pages (DPC)
)
Package pdflscape Info: Auto-detected driver: pdftex on input line 81.
))
(C:\Users\ronie.porfirio\AppData\Local\Programs\MiKTeX\tex/latex/titlesec\title
sec.sty
Package: titlesec 2023/10/27 v2.16 Sectioning titles
\ttl@box=\box104
\beforetitleunit=\skip80
\aftertitleunit=\skip81
\ttl@plus=\dimen194
\ttl@minus=\dimen195
\ttl@toksa=\toks36
\titlewidth=\dimen196
\titlewidthlast=\dimen197
\titlewidthfirst=\dimen198
)
\logoLeft=\box105
\logoRight=\box106
<cfg/logoRIGHT.png, id=1, 184.69pt x 256.96pt>
File: cfg/logoRIGHT.png Graphic file (type png)
<use cfg/logoRIGHT.png>
Package pdftex.def Info: cfg/logoRIGHT.png  used on input line 62.
(pdftex.def)             Requested size: 51.71283pt x 71.9483pt.
<cfg/logoLEFT.png, id=2, 213.79875pt x 256.96pt>
File: cfg/logoLEFT.png Graphic file (type png)
<use cfg/logoLEFT.png>
Package pdftex.def Info: cfg/logoLEFT.png  used on input line 63.
(pdftex.def)             Requested size: 59.86324pt x 71.9483pt.
\selvestebox=\box107
 (cmd/cores.tex) (cmd/comandos.tex
\c@subsubsubsection=\count313
) (cmd/ambientes.tex)
(cmd/atalhos.tex))
(C:\Users\ronie.porfirio\AppData\Local\Programs\MiKTeX\tex/latex/hyperref\hyper
ref.sty
Package: hyperref 2024-01-20 v7.01h Hypertext links for LaTeX

(C:\Users\ronie.porfirio\AppData\Local\Programs\MiKTeX\tex/latex/kvsetkeys\kvse
tkeys.sty
Package: kvsetkeys 2022-10-05 v1.19 Key value parser (HO)
)
(C:\Users\ronie.porfirio\AppData\Local\Programs\MiKTeX\tex/generic/kvdefinekeys
\kvdefinekeys.sty
Package: kvdefinekeys 2019-12-19 v1.6 Define keys (HO)
)
(C:\Users\ronie.porfirio\AppData\Local\Programs\MiKTeX\tex/generic/pdfescape\pd
fescape.sty
Package: pdfescape 2019/12/09 v1.15 Implements pdfTeX's escape features (HO)

(C:\Users\ronie.porfirio\AppData\Local\Programs\MiKTeX\tex/generic/ltxcmds\ltxc
mds.sty
Package: ltxcmds 2023-12-04 v1.26 LaTeX kernel commands for general use (HO)
)
(C:\Users\ronie.porfirio\AppData\Local\Programs\MiKTeX\tex/generic/pdftexcmds\p
dftexcmds.sty
Package: pdftexcmds 2020-06-27 v0.33 Utility functions of pdfTeX for LuaTeX (HO
)

(C:\Users\ronie.porfirio\AppData\Local\Programs\MiKTeX\tex/generic/infwarerr\in
fwarerr.sty
Package: infwarerr 2019/12/03 v1.5 Providing info/warning/error messages (HO)
)
Package pdftexcmds Info: \pdf@primitive is available.
Package pdftexcmds Info: \pdf@ifprimitive is available.
Package pdftexcmds Info: \pdfdraftmode found.
))
(C:\Users\ronie.porfirio\AppData\Local\Programs\MiKTeX\tex/latex/hycolor\hycolo
r.sty
Package: hycolor 2020-01-27 v1.10 Color options for hyperref/bookmark (HO)
)
(C:\Users\ronie.porfirio\AppData\Local\Programs\MiKTeX\tex/latex/auxhook\auxhoo
k.sty
Package: auxhook 2019-12-17 v1.6 Hooks for auxiliary files (HO)
)
(C:\Users\ronie.porfirio\AppData\Local\Programs\MiKTeX\tex/latex/hyperref\namer
ef.sty
Package: nameref 2023-11-26 v2.56 Cross-referencing by name of section

(C:\Users\ronie.porfirio\AppData\Local\Programs\MiKTeX\tex/latex/refcount\refco
unt.sty
Package: refcount 2019/12/15 v3.6 Data extraction from label references (HO)
)
(C:\Users\ronie.porfirio\AppData\Local\Programs\MiKTeX\tex/generic/gettitlestri
ng\gettitlestring.sty
Package: gettitlestring 2019/12/15 v1.6 Cleanup title references (HO)

(C:\Users\ronie.porfirio\AppData\Local\Programs\MiKTeX\tex/latex/kvoptions\kvop
tions.sty
Package: kvoptions 2022-06-15 v3.15 Key value format for package options (HO)
))
\c@section@level=\count314
)
(C:\Users\ronie.porfirio\AppData\Local\Programs\MiKTeX\tex/latex/etoolbox\etool
box.sty
Package: etoolbox 2020/10/05 v2.5k e-TeX tools for LaTeX (JAW)
\etb@tempcnta=\count315
)
\@linkdim=\dimen199
\Hy@linkcounter=\count316
\Hy@pagecounter=\count317

(C:\Users\ronie.porfirio\AppData\Local\Programs\MiKTeX\tex/latex/hyperref\pd1en
c.def
File: pd1enc.def 2024-01-20 v7.01h Hyperref: PDFDocEncoding definition (HO)
Now handling font encoding PD1 ...
... no UTF-8 mapping file for font encoding PD1
)
(C:\Users\ronie.porfirio\AppData\Local\Programs\MiKTeX\tex/generic/intcalc\intc
alc.sty
Package: intcalc 2019/12/15 v1.3 Expandable calculations with integers (HO)
)
\Hy@SavedSpaceFactor=\count318

(C:\Users\ronie.porfirio\AppData\Local\Programs\MiKTeX\tex/latex/hyperref\puenc
.def
File: puenc.def 2024-01-20 v7.01h Hyperref: PDF Unicode definition (HO)
Now handling font encoding PU ...
... no UTF-8 mapping file for font encoding PU
)
Package hyperref Info: Hyper figures OFF on input line 4179.
Package hyperref Info: Link nesting OFF on input line 4184.
Package hyperref Info: Hyper index ON on input line 4187.
Package hyperref Info: Plain pages OFF on input line 4194.
Package hyperref Info: Backreferencing OFF on input line 4199.
Package hyperref Info: Implicit mode ON; LaTeX internals redefined.
Package hyperref Info: Bookmarks ON on input line 4446.
\c@Hy@tempcnt=\count319

(C:\Users\ronie.porfirio\AppData\Local\Programs\MiKTeX\tex/latex/url\url.sty
\Urlmuskip=\muskip17
Package: url 2013/09/16  ver 3.4  Verb mode for urls, etc.
)
LaTeX Info: Redefining \url on input line 4784.
\XeTeXLinkMargin=\dimen256

(C:\Users\ronie.porfirio\AppData\Local\Programs\MiKTeX\tex/generic/bitset\bitse
t.sty
Package: bitset 2019/12/09 v1.3 Handle bit-vector datatype (HO)

(C:\Users\ronie.porfirio\AppData\Local\Programs\MiKTeX\tex/generic/bigintcalc\b
igintcalc.sty
Package: bigintcalc 2019/12/15 v1.5 Expandable calculations on big integers (HO
)
))
\Fld@menulength=\count320
\Field@Width=\dimen257
\Fld@charsize=\dimen258
Package hyperref Info: Hyper figures OFF on input line 6063.
Package hyperref Info: Link nesting OFF on input line 6068.
Package hyperref Info: Hyper index ON on input line 6071.
Package hyperref Info: backreferencing OFF on input line 6078.
Package hyperref Info: Link coloring OFF on input line 6083.
Package hyperref Info: Link coloring with OCG OFF on input line 6088.
Package hyperref Info: PDF/A mode OFF on input line 6093.

(C:\Users\ronie.porfirio\AppData\Local\Programs\MiKTeX\tex/latex/base\atbegshi-
ltx.sty
Package: atbegshi-ltx 2021/01/10 v1.0c Emulation of the original atbegshi
package with kernel methods
)
\Hy@abspage=\count321
\c@Item=\count322
\c@Hfootnote=\count323
)
Package hyperref Info: Driver (autodetected): hpdftex.

(C:\Users\ronie.porfirio\AppData\Local\Programs\MiKTeX\tex/latex/hyperref\hpdft
ex.def
File: hpdftex.def 2024-01-20 v7.01h Hyperref driver for pdfTeX

(C:\Users\ronie.porfirio\AppData\Local\Programs\MiKTeX\tex/latex/base\atveryend
-ltx.sty
Package: atveryend-ltx 2020/08/19 v1.0a Emulation of the original atveryend pac
kage
with kernel methods
)
\Fld@listcount=\count324
\c@bookmark@seq@number=\count325

(C:\Users\ronie.porfirio\AppData\Local\Programs\MiKTeX\tex/latex/rerunfilecheck
\rerunfilecheck.sty
Package: rerunfilecheck 2022-07-10 v1.10 Rerun checks for auxiliary files (HO)

(C:\Users\ronie.porfirio\AppData\Local\Programs\MiKTeX\tex/generic/uniquecounte
r\uniquecounter.sty
Package: uniquecounter 2019/12/15 v1.4 Provide unlimited unique counter (HO)
)
Package uniquecounter Info: New unique counter `rerunfilecheck' on input line 2
85.
)
\Hy@SectionHShift=\skip82
)
(C:\Users\ronie.porfirio\AppData\Local\Programs\MiKTeX\tex/latex/l3backend\l3ba
ckend-pdftex.def
File: l3backend-pdftex.def 2024-03-14 L3 backend support: PDF output (pdfTeX)
\l__color_backend_stack_int=\count326
\l__pdf_internal_box=\box108
) (main.aux)
\openout1 = `main.aux'.

LaTeX Font Info:    Checking defaults for OML/cmm/m/it on input line 15.
LaTeX Font Info:    ... okay on input line 15.
LaTeX Font Info:    Checking defaults for OMS/cmsy/m/n on input line 15.
LaTeX Font Info:    ... okay on input line 15.
LaTeX Font Info:    Checking defaults for OT1/cmr/m/n on input line 15.
LaTeX Font Info:    ... okay on input line 15.
LaTeX Font Info:    Checking defaults for T1/cmr/m/n on input line 15.
LaTeX Font Info:    ... okay on input line 15.
LaTeX Font Info:    Checking defaults for TS1/cmr/m/n on input line 15.
LaTeX Font Info:    ... okay on input line 15.
LaTeX Font Info:    Checking defaults for OMX/cmex/m/n on input line 15.
LaTeX Font Info:    ... okay on input line 15.
LaTeX Font Info:    Checking defaults for U/cmr/m/n on input line 15.
LaTeX Font Info:    ... okay on input line 15.
LaTeX Font Info:    Checking defaults for PD1/pdf/m/n on input line 15.
LaTeX Font Info:    ... okay on input line 15.
LaTeX Font Info:    Checking defaults for PU/pdf/m/n on input line 15.
LaTeX Font Info:    ... okay on input line 15.

*geometry* driver: auto-detecting
*geometry* detected driver: pdftex
*geometry* verbose mode - [ preamble ] result:
* driver: pdftex
* paper: <default>
* layout: <same size as paper>
* layoutoffset:(h,v)=(0.0pt,0.0pt)
* modes: 
* h-part:(L,W,R)=(89.62709pt, 418.25368pt, 89.6271pt)
* v-part:(T,H,B)=(101.40665pt, 591.5302pt, 152.11pt)
* \paperwidth=597.50787pt
* \paperheight=845.04684pt
* \textwidth=441.01772pt
* \textheight=702.78307pt
* \oddsidemargin=42.67912pt
* \evensidemargin=42.67912pt
* \topmargin=14.22636pt
* \headheight=75.0pt
* \headsep=5.69054pt
* \topskip=10.0pt
* \footskip=25.60747pt
* \marginparwidth=0.0pt
* \marginparsep=0.0pt
* \columnsep=10.0pt
* \skip\footins=9.0pt plus 4.0pt minus 2.0pt
* \hoffset=-29.59084pt
* \voffset=-72.26999pt
* \mag=1000
* \@twocolumnfalse
* \@twosidefalse
* \@mparswitchfalse
* \@reversemarginfalse
* (1in=72.27pt=25.4mm, 1cm=28.453pt)


(C:\Users\ronie.porfirio\AppData\Local\Programs\MiKTeX\tex/context/base/mkii\su
pp-pdf.mkii
[Loading MPS to PDF converter (version 2006.09.02).]
\scratchcounter=\count327
\scratchdimen=\dimen259
\scratchbox=\box109
\nofMPsegments=\count328
\nofMParguments=\count329
\everyMPshowfont=\toks37
\MPscratchCnt=\count330
\MPscratchDim=\dimen260
\MPnumerator=\count331
\makeMPintoPDFobject=\count332
\everyMPtoPDFconversion=\toks38
)
(C:\Users\ronie.porfirio\AppData\Local\Programs\MiKTeX\tex/latex/epstopdf-pkg\e
pstopdf-base.sty
Package: epstopdf-base 2020-01-24 v2.11 Base part for package epstopdf
Package epstopdf-base Info: Redefining graphics rule for `.eps' on input line 4
85.

(C:\Users\ronie.porfirio\AppData\Local\Programs\MiKTeX\tex/latex/00miktex\epsto
pdf-sys.cfg
File: epstopdf-sys.cfg 2021/03/18 v2.0 Configuration of epstopdf for MiKTeX
))
\c@lstlisting=\count333
Package caption Info: Begin \AtBeginDocument code.
Package caption Info: hyperref package is loaded.
Package caption Info: End \AtBeginDocument code.
Package hyperref Info: Link coloring OFF on input line 15.
 (main.out) (main.out)
\@outlinefile=\write3
\openout3 = `main.out'.

Package hyperref Info: *** compatibility with harvard ****  on input line 15.
LaTeX Font Info:    Trying to load font information for U+lasy on input line 22
.

(C:\Users\ronie.porfirio\AppData\Local\Programs\MiKTeX\tex/latex/base\ulasy.fd
File: ulasy.fd 1998/08/17 v2.2e LaTeX symbol font definitions
)
LaTeX Font Info:    Trying to load font information for U+msa on input line 22.


(C:\Users\ronie.porfirio\AppData\Local\Programs\MiKTeX\tex/latex/amsfonts\umsa.
fd
File: umsa.fd 2013/01/14 v3.01 AMS symbols A
)
LaTeX Font Info:    Trying to load font information for U+msb on input line 22.


(C:\Users\ronie.porfirio\AppData\Local\Programs\MiKTeX\tex/latex/amsfonts\umsb.
fd
File: umsb.fd 2013/01/14 v3.01 AMS symbols B
)
LaTeX Font Info:    Trying to load font information for U+rsfs on input line 22
.

(C:\Users\ronie.porfirio\AppData\Local\Programs\MiKTeX\tex/latex/jknappen\ursfs
.fd
File: ursfs.fd 1998/03/24 rsfs font definition file (jk)
)
LaTeX Font Info:    Trying to load font information for T1+cmss on input line 2
2.

(C:\Users\ronie.porfirio\AppData\Local\Programs\MiKTeX\tex/latex/base\t1cmss.fd
File: t1cmss.fd 2023/04/13 v2.5m Standard LaTeX font definitions
)
<fig/brasaoCLDF.png, id=496, 184.69pt x 256.96pt>
File: fig/brasaoCLDF.png Graphic file (type png)
<use fig/brasaoCLDF.png>
Package pdftex.def Info: fig/brasaoCLDF.png  used on input line 24.
(pdftex.def)             Requested size: 184.68953pt x 256.95937pt.
 [1

{C:/Users/ronie.porfirio/AppData/Local/MiKTeX/fonts/map/pdftex/pdftex.map} <./f
ig/brasaoCLDF.png>] (main.toc

Package fancyhdr Warning: \headheight is too small (75.0pt): 
(fancyhdr)                Make it at least 75.54834pt, for example:
(fancyhdr)                \setlength{\headheight}{75.54834pt}.
(fancyhdr)                You might also make \topmargin smaller to compensate:

(fancyhdr)                \addtolength{\topmargin}{-0.54834pt}.

[2

 <./cfg/logoLEFT.png> <./cfg/logoRIGHT.png>]

Package fancyhdr Warning: \headheight is too small (75.0pt): 
(fancyhdr)                Make it at least 75.54834pt, for example:
(fancyhdr)                \setlength{\headheight}{75.54834pt}.
(fancyhdr)                You might also make \topmargin smaller to compensate:

(fancyhdr)                \addtolength{\topmargin}{-0.54834pt}.

[3]

Package fancyhdr Warning: \headheight is too small (75.0pt): 
(fancyhdr)                Make it at least 75.54834pt, for example:
(fancyhdr)                \setlength{\headheight}{75.54834pt}.
(fancyhdr)                You might also make \topmargin smaller to compensate:

(fancyhdr)                \addtolength{\topmargin}{-0.54834pt}.

[4])
\tf@toc=\write4
\openout4 = `main.toc'.



Package fancyhdr Warning: \headheight is too small (75.0pt): 
(fancyhdr)                Make it at least 75.54834pt, for example:
(fancyhdr)                \setlength{\headheight}{75.54834pt}.
(fancyhdr)                You might also make \topmargin smaller to compensate:

(fancyhdr)                \addtolength{\topmargin}{-0.54834pt}.

[5] (txt/main/PRINCIPAL/10-INTRODUCAO.tex) (txt/main/PRINCIPAL/20-CONCEITOS.tex

Package fancyhdr Warning: \headheight is too small (75.0pt): 
(fancyhdr)                Make it at least 75.54834pt, for example:
(fancyhdr)                \setlength{\headheight}{75.54834pt}.
(fancyhdr)                You might also make \topmargin smaller to compensate:

(fancyhdr)                \addtolength{\topmargin}{-0.54834pt}.

[6

]

Package fancyhdr Warning: \headheight is too small (75.0pt): 
(fancyhdr)                Make it at least 75.54834pt, for example:
(fancyhdr)                \setlength{\headheight}{75.54834pt}.
(fancyhdr)                You might also make \topmargin smaller to compensate:

(fancyhdr)                \addtolength{\topmargin}{-0.54834pt}.

[7]
Underfull \hbox (badness 1264) in paragraph at lines 48--49
[]\T1/cmr/m/n/10 Gerenciar as expectativas dos \T1/cmr/m/it/10 stakeholders \T1
/cmr/m/n/10 entendendo suas necessidades e gerenciando
 []


Package fancyhdr Warning: \headheight is too small (75.0pt): 
(fancyhdr)                Make it at least 75.54834pt, for example:
(fancyhdr)                \setlength{\headheight}{75.54834pt}.
(fancyhdr)                You might also make \topmargin smaller to compensate:

(fancyhdr)                \addtolength{\topmargin}{-0.54834pt}.

[8]

Package fancyhdr Warning: \headheight is too small (75.0pt): 
(fancyhdr)                Make it at least 75.54834pt, for example:
(fancyhdr)                \setlength{\headheight}{75.54834pt}.
(fancyhdr)                You might also make \topmargin smaller to compensate:

(fancyhdr)                \addtolength{\topmargin}{-0.54834pt}.

[9]
<fig/conceito-scrum.jpg, id=698, 960.58875pt x 420.82219pt>
File: fig/conceito-scrum.jpg Graphic file (type jpg)
<use fig/conceito-scrum.jpg>
Package pdftex.def Info: fig/conceito-scrum.jpg  used on input line 130.
(pdftex.def)             Requested size: 432.26094pt x 189.36823pt.


Package fancyhdr Warning: \headheight is too small (75.0pt): 
(fancyhdr)                Make it at least 75.54834pt, for example:
(fancyhdr)                \setlength{\headheight}{75.54834pt}.
(fancyhdr)                You might also make \topmargin smaller to compensate:

(fancyhdr)                \addtolength{\topmargin}{-0.54834pt}.

[10]) (txt/main/PRINCIPAL/25-FLUXOGRAMAS.tex

Package fancyhdr Warning: \headheight is too small (75.0pt): 
(fancyhdr)                Make it at least 75.54834pt, for example:
(fancyhdr)                \setlength{\headheight}{75.54834pt}.
(fancyhdr)                You might also make \topmargin smaller to compensate:

(fancyhdr)                \addtolength{\topmargin}{-0.54834pt}.

[11 <./fig/conceito-scrum.jpg>]
<fig/BPMN-PDAS.png, id=711, 1263.97218pt x 447.92343pt>
File: fig/BPMN-PDAS.png Graphic file (type png)
<use fig/BPMN-PDAS.png>
Package pdftex.def Info: fig/BPMN-PDAS.png  used on input line 10.
(pdftex.def)             Requested size: 733.10439pt x 259.79576pt.

Overfull \hbox (30.32132pt too wide) in paragraph at lines 10--11
 [] 
 []

[12

 <./fig/BPMN-PDAS.png>]
<fig/BPMN-SPRINT.png, id=724, 861.9703pt x 502.87875pt>
File: fig/BPMN-SPRINT.png Graphic file (type png)
<use fig/BPMN-SPRINT.png>
Package pdftex.def Info: fig/BPMN-SPRINT.png  used on input line 35.
(pdftex.def)             Requested size: 430.9841pt x 251.43875pt.


Package fancyhdr Warning: \headheight is too small (75.0pt): 
(fancyhdr)                Make it at least 75.54834pt, for example:
(fancyhdr)                \setlength{\headheight}{75.54834pt}.
(fancyhdr)                You might also make \topmargin smaller to compensate:

(fancyhdr)                \addtolength{\topmargin}{-0.54834pt}.

[13

 <./fig/BPMN-SPRINT.png>]
<fig/BPMN-RAT.png, id=734, 865.73438pt x 583.42969pt>
File: fig/BPMN-RAT.png Graphic file (type png)
<use fig/BPMN-RAT.png>
Package pdftex.def Info: fig/BPMN-RAT.png  used on input line 55.
(pdftex.def)             Requested size: 432.86613pt x 291.71413pt.
<fig/BPMN-RRP.png, id=736, 586.44093pt x 469.755pt>
File: fig/BPMN-RRP.png Graphic file (type png)
<use fig/BPMN-RRP.png>
Package pdftex.def Info: fig/BPMN-RRP.png  used on input line 69.
(pdftex.def)             Requested size: 293.21974pt x 234.87692pt.


Package fancyhdr Warning: \headheight is too small (75.0pt): 
(fancyhdr)                Make it at least 75.54834pt, for example:
(fancyhdr)                \setlength{\headheight}{75.54834pt}.
(fancyhdr)                You might also make \topmargin smaller to compensate:

(fancyhdr)                \addtolength{\topmargin}{-0.54834pt}.

[14 <./fig/BPMN-RAT.png>]) (txt/main/PRINCIPAL/30-CLASSIFICACAO.tex

Package fancyhdr Warning: \headheight is too small (75.0pt): 
(fancyhdr)                Make it at least 75.54834pt, for example:
(fancyhdr)                \setlength{\headheight}{75.54834pt}.
(fancyhdr)                You might also make \topmargin smaller to compensate:

(fancyhdr)                \addtolength{\topmargin}{-0.54834pt}.

[15 <./fig/BPMN-RRP.png>]) (txt/main/PRINCIPAL/40-ATORES.tex
Underfull \hbox (badness 1210) in paragraph at lines 11--12
[]\T1/cmr/m/n/10 Sua estrutural organizacional envolve diversas unidades admini
strativas. A Diretoria de
 []


Package fancyhdr Warning: \headheight is too small (75.0pt): 
(fancyhdr)                Make it at least 75.54834pt, for example:
(fancyhdr)                \setlength{\headheight}{75.54834pt}.
(fancyhdr)                You might also make \topmargin smaller to compensate:

(fancyhdr)                \addtolength{\topmargin}{-0.54834pt}.

[16]
Underfull \hbox (badness 1194) in paragraph at lines 26--27
[]\T1/cmr/m/n/10 Direcionar o projeto sob a perspectiva do negócio, priorizando
 demandas e alinhando
 []


Underfull \hbox (badness 1371) in paragraph at lines 30--31
[]\T1/cmr/m/n/10 Assegurar que as demandas encaminhadas à empresa contratada es
tejam alinhadas às
 []


Package fancyhdr Warning: \headheight is too small (75.0pt): 
(fancyhdr)                Make it at least 75.54834pt, for example:
(fancyhdr)                \setlength{\headheight}{75.54834pt}.
(fancyhdr)                You might also make \topmargin smaller to compensate:

(fancyhdr)                \addtolength{\topmargin}{-0.54834pt}.

[17]

Package fancyhdr Warning: \headheight is too small (75.0pt): 
(fancyhdr)                Make it at least 75.54834pt, for example:
(fancyhdr)                \setlength{\headheight}{75.54834pt}.
(fancyhdr)                You might also make \topmargin smaller to compensate:

(fancyhdr)                \addtolength{\topmargin}{-0.54834pt}.

[18]

Package fancyhdr Warning: \headheight is too small (75.0pt): 
(fancyhdr)                Make it at least 75.54834pt, for example:
(fancyhdr)                \setlength{\headheight}{75.54834pt}.
(fancyhdr)                You might also make \topmargin smaller to compensate:

(fancyhdr)                \addtolength{\topmargin}{-0.54834pt}.

[19]) (txt/main/PRINCIPAL/50-CERIMONIAS.tex
<fig/cer-reunioes.jpg, id=782, 385.44pt x 286.1892pt>
File: fig/cer-reunioes.jpg Graphic file (type jpg)
<use fig/cer-reunioes.jpg>
Package pdftex.def Info: fig/cer-reunioes.jpg  used on input line 6.
(pdftex.def)             Requested size: 110.25443pt x 81.86171pt.


Package fancyhdr Warning: \headheight is too small (75.0pt): 
(fancyhdr)                Make it at least 75.54834pt, for example:
(fancyhdr)                \setlength{\headheight}{75.54834pt}.
(fancyhdr)                You might also make \topmargin smaller to compensate:

(fancyhdr)                \addtolength{\topmargin}{-0.54834pt}.

[20 <./fig/cer-reunioes.jpg>]

Package fancyhdr Warning: \headheight is too small (75.0pt): 
(fancyhdr)                Make it at least 75.54834pt, for example:
(fancyhdr)                \setlength{\headheight}{75.54834pt}.
(fancyhdr)                You might also make \topmargin smaller to compensate:

(fancyhdr)                \addtolength{\topmargin}{-0.54834pt}.

[21]

Package fancyhdr Warning: \headheight is too small (75.0pt): 
(fancyhdr)                Make it at least 75.54834pt, for example:
(fancyhdr)                \setlength{\headheight}{75.54834pt}.
(fancyhdr)                You might also make \topmargin smaller to compensate:

(fancyhdr)                \addtolength{\topmargin}{-0.54834pt}.

[22]

Package fancyhdr Warning: \headheight is too small (75.0pt): 
(fancyhdr)                Make it at least 75.54834pt, for example:
(fancyhdr)                \setlength{\headheight}{75.54834pt}.
(fancyhdr)                You might also make \topmargin smaller to compensate:

(fancyhdr)                \addtolength{\topmargin}{-0.54834pt}.

[23]) (txt/main/PRINCIPAL/60-ARTEFATOS.tex
(txt/main/PRINCIPAL/62-ARTEFATOS-SCRUM.tex
<fig/artefato-docvisao2.jpg, id=829, 628.3475pt x 591.20876pt>
File: fig/artefato-docvisao2.jpg Graphic file (type jpg)
<use fig/artefato-docvisao2.jpg>
Package pdftex.def Info: fig/artefato-docvisao2.jpg  used on input line 13.
(pdftex.def)             Requested size: 110.25443pt x 103.7337pt.


Package fancyhdr Warning: \headheight is too small (75.0pt): 
(fancyhdr)                Make it at least 75.54834pt, for example:
(fancyhdr)                \setlength{\headheight}{75.54834pt}.
(fancyhdr)                You might also make \topmargin smaller to compensate:

(fancyhdr)                \addtolength{\topmargin}{-0.54834pt}.

[24 <./fig/artefato-docvisao2.jpg>]
<fig/artefato-productbacklog.jpg, id=837, 628.3475pt x 628.3475pt>
File: fig/artefato-productbacklog.jpg Graphic file (type jpg)
<use fig/artefato-productbacklog.jpg>
Package pdftex.def Info: fig/artefato-productbacklog.jpg  used on input line 46
.
(pdftex.def)             Requested size: 110.25443pt x 110.25009pt.
<fig/artefato-sprintbacklog.jpg, id=838, 471.26062pt x 313.17pt>
File: fig/artefato-sprintbacklog.jpg Graphic file (type jpg)
<use fig/artefato-sprintbacklog.jpg>
Package pdftex.def Info: fig/artefato-sprintbacklog.jpg  used on input line 62.

(pdftex.def)             Requested size: 110.25443pt x 73.26523pt.


Package fancyhdr Warning: \headheight is too small (75.0pt): 
(fancyhdr)                Make it at least 75.54834pt, for example:
(fancyhdr)                \setlength{\headheight}{75.54834pt}.
(fancyhdr)                You might also make \topmargin smaller to compensate:

(fancyhdr)                \addtolength{\topmargin}{-0.54834pt}.

[25 <./fig/artefato-productbacklog.jpg>]

Package fancyhdr Warning: \headheight is too small (75.0pt): 
(fancyhdr)                Make it at least 75.54834pt, for example:
(fancyhdr)                \setlength{\headheight}{75.54834pt}.
(fancyhdr)                You might also make \topmargin smaller to compensate:

(fancyhdr)                \addtolength{\topmargin}{-0.54834pt}.

[26 <./fig/artefato-sprintbacklog.jpg>]

Package fancyhdr Warning: \headheight is too small (75.0pt): 
(fancyhdr)                Make it at least 75.54834pt, for example:
(fancyhdr)                \setlength{\headheight}{75.54834pt}.
(fancyhdr)                You might also make \topmargin smaller to compensate:

(fancyhdr)                \addtolength{\topmargin}{-0.54834pt}.

[27]
<fig/ARTEFATO-USERSTORY1.png, id=864, 359.84438pt x 319.94531pt>
File: fig/ARTEFATO-USERSTORY1.png Graphic file (type png)
<use fig/ARTEFATO-USERSTORY1.png>
Package pdftex.def Info: fig/ARTEFATO-USERSTORY1.png  used on input line 207.
(pdftex.def)             Requested size: 198.45662pt x 176.45865pt.
<fig/ARTEFATO-USERSTORY2.png, id=865, 357.58594pt x 319.94531pt>
File: fig/ARTEFATO-USERSTORY2.png Graphic file (type png)
<use fig/ARTEFATO-USERSTORY2.png>
Package pdftex.def Info: fig/ARTEFATO-USERSTORY2.png  used on input line 210.
(pdftex.def)             Requested size: 198.45662pt x 177.56686pt.


Package fancyhdr Warning: \headheight is too small (75.0pt): 
(fancyhdr)                Make it at least 75.54834pt, for example:
(fancyhdr)                \setlength{\headheight}{75.54834pt}.
(fancyhdr)                You might also make \topmargin smaller to compensate:

(fancyhdr)                \addtolength{\topmargin}{-0.54834pt}.

[28]

Package fancyhdr Warning: \headheight is too small (75.0pt): 
(fancyhdr)                Make it at least 75.54834pt, for example:
(fancyhdr)                \setlength{\headheight}{75.54834pt}.
(fancyhdr)                You might also make \topmargin smaller to compensate:

(fancyhdr)                \addtolength{\topmargin}{-0.54834pt}.

[29 <./fig/ARTEFATO-USERSTORY1.png> <./fig/ARTEFATO-USERSTORY2.png>]

Package fancyhdr Warning: \headheight is too small (75.0pt): 
(fancyhdr)                Make it at least 75.54834pt, for example:
(fancyhdr)                \setlength{\headheight}{75.54834pt}.
(fancyhdr)                You might also make \topmargin smaller to compensate:

(fancyhdr)                \addtolength{\topmargin}{-0.54834pt}.

[30]) (txt/main/PRINCIPAL/64-ARTEFATOS-MINIMOS.tex)

Package fancyhdr Warning: \headheight is too small (75.0pt): 
(fancyhdr)                Make it at least 75.54834pt, for example:
(fancyhdr)                \setlength{\headheight}{75.54834pt}.
(fancyhdr)                You might also make \topmargin smaller to compensate:

(fancyhdr)                \addtolength{\topmargin}{-0.54834pt}.

[31] (txt/main/PRINCIPAL/66-ARTEFATOS-SUGERIDOS.tex
Overfull \hbox (13.06734pt too wide) in paragraph at lines 21--21
[]|\T1/cmr/bx/n/10 LN| 
 []


Overfull \hbox (11.10948pt too wide) in paragraph at lines 21--21
[]|\T1/cmr/bx/n/10 LT| 
 []


Overfull \hbox (10.77623pt too wide) in paragraph at lines 21--21
[]|\T1/cmr/bx/n/10 FS| 
 []


Overfull \hbox (12.70631pt too wide) in paragraph at lines 21--21
[]|\T1/cmr/bx/n/10 FQ| 
 []


Overfull \hbox (15.3029pt too wide) in paragraph at lines 21--21
[]|\T1/cmr/bx/n/10 FM| 
 []


Overfull \hbox (5.48792pt too wide) in paragraph at lines 27--27
[]|[]| 
 []


Overfull \hbox (7.15211pt too wide) in paragraph at lines 27--27
[]|\T1/cmr/m/n/10 ^^V| 
 []


Overfull \hbox (7.15211pt too wide) in paragraph at lines 27--27
[]|\T1/cmr/m/n/10 ^^V| 
 []


Overfull \hbox (7.15211pt too wide) in paragraph at lines 27--27
[]|\T1/cmr/m/n/10 ^^V| 
 []


Overfull \hbox (7.15211pt too wide) in paragraph at lines 27--27
[]|\T1/cmr/m/n/10 ^^V| 
 []


Overfull \hbox (7.15211pt too wide) in paragraph at lines 31--31
[]|\T1/cmr/m/n/10 ^^V| 
 []


Overfull \hbox (7.15211pt too wide) in paragraph at lines 31--31
[]|\T1/cmr/m/n/10 ^^V| 
 []


Overfull \hbox (5.48792pt too wide) in paragraph at lines 31--31
[]|[]| 
 []


Overfull \hbox (7.15211pt too wide) in paragraph at lines 31--31
[]|\T1/cmr/m/n/10 ^^V| 
 []


Overfull \hbox (7.15211pt too wide) in paragraph at lines 31--31
[]|\T1/cmr/m/n/10 ^^V| 
 []


Overfull \hbox (7.15211pt too wide) in paragraph at lines 35--35
[]|\T1/cmr/m/n/10 ^^V| 
 []


Overfull \hbox (7.15211pt too wide) in paragraph at lines 35--35
[]|\T1/cmr/m/n/10 ^^V| 
 []


Overfull \hbox (7.15211pt too wide) in paragraph at lines 35--35
[]|\T1/cmr/m/n/10 ^^V| 
 []


Overfull \hbox (5.48792pt too wide) in paragraph at lines 35--35
[]|[]| 
 []


Overfull \hbox (7.15211pt too wide) in paragraph at lines 35--35
[]|\T1/cmr/m/n/10 ^^V| 
 []


Overfull \hbox (7.15211pt too wide) in paragraph at lines 39--39
[]|\T1/cmr/m/n/10 ^^V| 
 []


Overfull \hbox (7.15211pt too wide) in paragraph at lines 39--39
[]|\T1/cmr/m/n/10 ^^V| 
 []


Overfull \hbox (7.15211pt too wide) in paragraph at lines 39--39
[]|\T1/cmr/m/n/10 ^^V| 
 []


Overfull \hbox (5.48792pt too wide) in paragraph at lines 39--39
[]|[]| 
 []


Overfull \hbox (7.15211pt too wide) in paragraph at lines 39--39
[]|\T1/cmr/m/n/10 ^^V| 
 []


Overfull \hbox (13.06734pt too wide) in paragraph at lines 63--63
[]|\T1/cmr/bx/n/10 LN| 
 []


Overfull \hbox (11.10948pt too wide) in paragraph at lines 63--63
[]|\T1/cmr/bx/n/10 LT| 
 []


Overfull \hbox (10.77623pt too wide) in paragraph at lines 63--63
[]|\T1/cmr/bx/n/10 FS| 
 []


Overfull \hbox (12.70631pt too wide) in paragraph at lines 63--63
[]|\T1/cmr/bx/n/10 FQ| 
 []


Overfull \hbox (15.3029pt too wide) in paragraph at lines 63--63
[]|\T1/cmr/bx/n/10 FM| 
 []


Overfull \hbox (7.15211pt too wide) in paragraph at lines 69--69
[]|\T1/cmr/m/n/10 ^^V| 
 []


Overfull \hbox (7.15211pt too wide) in paragraph at lines 69--69
[]|\T1/cmr/m/n/10 ^^V| 
 []


Overfull \hbox (5.48792pt too wide) in paragraph at lines 69--69
[]|[]| 
 []


Overfull \hbox (7.15211pt too wide) in paragraph at lines 69--69
[]|\T1/cmr/m/n/10 ^^V| 
 []


Overfull \hbox (7.15211pt too wide) in paragraph at lines 69--69
[]|\T1/cmr/m/n/10 ^^V| 
 []


Overfull \hbox (7.15211pt too wide) in paragraph at lines 73--73
[]|\T1/cmr/m/n/10 ^^V| 
 []


Overfull \hbox (7.15211pt too wide) in paragraph at lines 73--73
[]|\T1/cmr/m/n/10 ^^V| 
 []


Overfull \hbox (5.48792pt too wide) in paragraph at lines 73--73
[]|[]| 
 []


Overfull \hbox (7.15211pt too wide) in paragraph at lines 73--73
[]|\T1/cmr/m/n/10 ^^V| 
 []


Overfull \hbox (7.15211pt too wide) in paragraph at lines 73--73
[]|\T1/cmr/m/n/10 ^^V| 
 []


Overfull \hbox (7.15211pt too wide) in paragraph at lines 77--77
[]|\T1/cmr/m/n/10 ^^V| 
 []


Overfull \hbox (7.15211pt too wide) in paragraph at lines 77--77
[]|\T1/cmr/m/n/10 ^^V| 
 []


Overfull \hbox (5.48792pt too wide) in paragraph at lines 77--77
[]|[]| 
 []


Overfull \hbox (7.15211pt too wide) in paragraph at lines 77--77
[]|\T1/cmr/m/n/10 ^^V| 
 []


Overfull \hbox (7.15211pt too wide) in paragraph at lines 77--77
[]|\T1/cmr/m/n/10 ^^V| 
 []


Overfull \hbox (7.15211pt too wide) in paragraph at lines 81--81
[]|\T1/cmr/m/n/10 ^^V| 
 []


Overfull \hbox (7.15211pt too wide) in paragraph at lines 81--81
[]|\T1/cmr/m/n/10 ^^V| 
 []


Overfull \hbox (5.48792pt too wide) in paragraph at lines 81--81
[]|[]| 
 []


Overfull \hbox (7.15211pt too wide) in paragraph at lines 81--81
[]|\T1/cmr/m/n/10 ^^V| 
 []


Overfull \hbox (7.15211pt too wide) in paragraph at lines 81--81
[]|\T1/cmr/m/n/10 ^^V| 
 []


Overfull \hbox (7.15211pt too wide) in paragraph at lines 85--85
[]|\T1/cmr/m/n/10 ^^V| 
 []


Overfull \hbox (7.15211pt too wide) in paragraph at lines 85--85
[]|\T1/cmr/m/n/10 ^^V| 
 []


Overfull \hbox (5.48792pt too wide) in paragraph at lines 85--85
[]|[]| 
 []


Overfull \hbox (7.15211pt too wide) in paragraph at lines 85--85
[]|\T1/cmr/m/n/10 ^^V| 
 []


Overfull \hbox (7.15211pt too wide) in paragraph at lines 85--85
[]|\T1/cmr/m/n/10 ^^V| 
 []


Overfull \hbox (7.15211pt too wide) in paragraph at lines 89--89
[]|\T1/cmr/m/n/10 ^^V| 
 []


Overfull \hbox (7.15211pt too wide) in paragraph at lines 89--89
[]|\T1/cmr/m/n/10 ^^V| 
 []


Overfull \hbox (5.48792pt too wide) in paragraph at lines 89--89
[]|[]| 
 []


Overfull \hbox (7.15211pt too wide) in paragraph at lines 89--89
[]|\T1/cmr/m/n/10 ^^V| 
 []


Overfull \hbox (7.15211pt too wide) in paragraph at lines 89--89
[]|\T1/cmr/m/n/10 ^^V| 
 []


Overfull \hbox (7.15211pt too wide) in paragraph at lines 93--93
[]|\T1/cmr/m/n/10 ^^V| 
 []


Overfull \hbox (7.15211pt too wide) in paragraph at lines 93--93
[]|\T1/cmr/m/n/10 ^^V| 
 []


Overfull \hbox (5.48792pt too wide) in paragraph at lines 93--93
[]|[]| 
 []


Overfull \hbox (7.15211pt too wide) in paragraph at lines 93--93
[]|\T1/cmr/m/n/10 ^^V| 
 []


Overfull \hbox (7.15211pt too wide) in paragraph at lines 93--93
[]|\T1/cmr/m/n/10 ^^V| 
 []


Overfull \hbox (7.15211pt too wide) in paragraph at lines 97--97
[]|\T1/cmr/m/n/10 ^^V| 
 []


Overfull \hbox (7.15211pt too wide) in paragraph at lines 97--97
[]|\T1/cmr/m/n/10 ^^V| 
 []


Overfull \hbox (5.48792pt too wide) in paragraph at lines 97--97
[]|[]| 
 []


Overfull \hbox (7.15211pt too wide) in paragraph at lines 97--97
[]|\T1/cmr/m/n/10 ^^V| 
 []


Overfull \hbox (7.15211pt too wide) in paragraph at lines 97--97
[]|\T1/cmr/m/n/10 ^^V| 
 []


Overfull \hbox (7.15211pt too wide) in paragraph at lines 101--101
[]|\T1/cmr/m/n/10 ^^V| 
 []


Overfull \hbox (7.15211pt too wide) in paragraph at lines 101--101
[]|\T1/cmr/m/n/10 ^^V| 
 []


Overfull \hbox (5.48792pt too wide) in paragraph at lines 101--101
[]|[]| 
 []


Overfull \hbox (7.15211pt too wide) in paragraph at lines 101--101
[]|\T1/cmr/m/n/10 ^^V| 
 []


Overfull \hbox (7.15211pt too wide) in paragraph at lines 101--101
[]|\T1/cmr/m/n/10 ^^V| 
 []


Overfull \hbox (7.15211pt too wide) in paragraph at lines 105--105
[]|\T1/cmr/m/n/10 ^^V| 
 []


Overfull \hbox (7.15211pt too wide) in paragraph at lines 105--105
[]|\T1/cmr/m/n/10 ^^V| 
 []


Overfull \hbox (5.48792pt too wide) in paragraph at lines 105--105
[]|[]| 
 []


Overfull \hbox (7.15211pt too wide) in paragraph at lines 105--105
[]|\T1/cmr/m/n/10 ^^V| 
 []


Overfull \hbox (7.15211pt too wide) in paragraph at lines 105--105
[]|\T1/cmr/m/n/10 ^^V| 
 []


Overfull \hbox (7.15211pt too wide) in paragraph at lines 109--109
[]|\T1/cmr/m/n/10 ^^V| 
 []


Overfull \hbox (7.15211pt too wide) in paragraph at lines 109--109
[]|\T1/cmr/m/n/10 ^^V| 
 []


Overfull \hbox (5.48792pt too wide) in paragraph at lines 109--109
[]|[]| 
 []


Overfull \hbox (7.15211pt too wide) in paragraph at lines 109--109
[]|\T1/cmr/m/n/10 ^^V| 
 []


Overfull \hbox (7.15211pt too wide) in paragraph at lines 109--109
[]|\T1/cmr/m/n/10 ^^V| 
 []


Overfull \hbox (7.15211pt too wide) in paragraph at lines 113--113
[]|\T1/cmr/m/n/10 ^^V| 
 []


Overfull \hbox (7.15211pt too wide) in paragraph at lines 113--113
[]|\T1/cmr/m/n/10 ^^V| 
 []


Overfull \hbox (5.48792pt too wide) in paragraph at lines 113--113
[]|[]| 
 []


Overfull \hbox (7.15211pt too wide) in paragraph at lines 113--113
[]|\T1/cmr/m/n/10 ^^V| 
 []


Overfull \hbox (7.15211pt too wide) in paragraph at lines 113--113
[]|\T1/cmr/m/n/10 ^^V| 
 []


Overfull \hbox (7.15211pt too wide) in paragraph at lines 117--117
[]|\T1/cmr/m/n/10 ^^V| 
 []


Overfull \hbox (7.15211pt too wide) in paragraph at lines 117--117
[]|\T1/cmr/m/n/10 ^^V| 
 []


Overfull \hbox (7.15211pt too wide) in paragraph at lines 117--117
[]|\T1/cmr/m/n/10 ^^V| 
 []


Overfull \hbox (5.48792pt too wide) in paragraph at lines 117--117
[]|[]| 
 []


Overfull \hbox (7.15211pt too wide) in paragraph at lines 117--117
[]|\T1/cmr/m/n/10 ^^V| 
 []


Overfull \hbox (7.15211pt too wide) in paragraph at lines 121--121
[]|\T1/cmr/m/n/10 ^^V| 
 []


Overfull \hbox (7.15211pt too wide) in paragraph at lines 121--121
[]|\T1/cmr/m/n/10 ^^V| 
 []


Overfull \hbox (7.15211pt too wide) in paragraph at lines 121--121
[]|\T1/cmr/m/n/10 ^^V| 
 []


Overfull \hbox (5.48792pt too wide) in paragraph at lines 121--121
[]|[]| 
 []


Overfull \hbox (7.15211pt too wide) in paragraph at lines 121--121
[]|\T1/cmr/m/n/10 ^^V| 
 []


Underfull \hbox (badness 1052) in paragraph at lines 124--125
[]|\T1/cmr/m/n/10 Relatório de Não Conformidade (Evidência de
 []


Overfull \hbox (7.15211pt too wide) in paragraph at lines 125--125
[]|\T1/cmr/m/n/10 ^^V| 
 []


Overfull \hbox (7.15211pt too wide) in paragraph at lines 125--125
[]|\T1/cmr/m/n/10 ^^V| 
 []


Overfull \hbox (7.15211pt too wide) in paragraph at lines 125--125
[]|\T1/cmr/m/n/10 ^^V| 
 []


Overfull \hbox (5.48792pt too wide) in paragraph at lines 125--125
[]|[]| 
 []


Overfull \hbox (7.15211pt too wide) in paragraph at lines 125--125
[]|\T1/cmr/m/n/10 ^^V| 
 []


Overfull \hbox (7.15211pt too wide) in paragraph at lines 129--129
[]|\T1/cmr/m/n/10 ^^V| 
 []


Overfull \hbox (7.15211pt too wide) in paragraph at lines 129--129
[]|\T1/cmr/m/n/10 ^^V| 
 []


Overfull \hbox (7.15211pt too wide) in paragraph at lines 129--129
[]|\T1/cmr/m/n/10 ^^V| 
 []


Overfull \hbox (5.48792pt too wide) in paragraph at lines 129--129
[]|[]| 
 []


Overfull \hbox (7.15211pt too wide) in paragraph at lines 129--129
[]|\T1/cmr/m/n/10 ^^V| 
 []


Overfull \hbox (12.71835pt too wide) in paragraph at lines 56--132
 [] 
 []


LaTeX Warning: `!h' float specifier changed to `!ht'.


Package fancyhdr Warning: \headheight is too small (75.0pt): 
(fancyhdr)                Make it at least 75.54834pt, for example:
(fancyhdr)                \setlength{\headheight}{75.54834pt}.
(fancyhdr)                You might also make \topmargin smaller to compensate:

(fancyhdr)                \addtolength{\topmargin}{-0.54834pt}.

[32]
<fig/art-grafburndown1.jpg, id=905, 893.58844pt x 528.47438pt>
File: fig/art-grafburndown1.jpg Graphic file (type jpg)
<use fig/art-grafburndown1.jpg>
Package pdftex.def Info: fig/art-grafburndown1.jpg  used on input line 156.
(pdftex.def)             Requested size: 446.79312pt x 264.23654pt.

Overfull \hbox (5.7754pt too wide) in paragraph at lines 156--157
 [] 
 []

<fig/art-grafburndown2.jpg, id=906, 891.33pt x 514.17094pt>
File: fig/art-grafburndown2.jpg Graphic file (type jpg)
<use fig/art-grafburndown2.jpg>
Package pdftex.def Info: fig/art-grafburndown2.jpg  used on input line 166.
(pdftex.def)             Requested size: 445.66391pt x 257.08484pt.

Overfull \hbox (4.6462pt too wide) in paragraph at lines 166--167
 [] 
 []


Package fancyhdr Warning: \headheight is too small (75.0pt): 
(fancyhdr)                Make it at least 75.54834pt, for example:
(fancyhdr)                \setlength{\headheight}{75.54834pt}.
(fancyhdr)                You might also make \topmargin smaller to compensate:

(fancyhdr)                \addtolength{\topmargin}{-0.54834pt}.

[33]

Package fancyhdr Warning: \headheight is too small (75.0pt): 
(fancyhdr)                Make it at least 75.54834pt, for example:
(fancyhdr)                \setlength{\headheight}{75.54834pt}.
(fancyhdr)                You might also make \topmargin smaller to compensate:

(fancyhdr)                \addtolength{\topmargin}{-0.54834pt}.

[34 <./fig/art-grafburndown1.jpg> <./fig/art-grafburndown2.jpg>]
Overfull \hbox (13.06734pt too wide) in paragraph at lines 221--221
[]|\T1/cmr/bx/n/10 LN| 
 []


Overfull \hbox (11.10948pt too wide) in paragraph at lines 221--221
[]|\T1/cmr/bx/n/10 LT| 
 []


Overfull \hbox (10.77623pt too wide) in paragraph at lines 221--221
[]|\T1/cmr/bx/n/10 FS| 
 []


Overfull \hbox (12.70631pt too wide) in paragraph at lines 221--221
[]|\T1/cmr/bx/n/10 FQ| 
 []


Overfull \hbox (15.3029pt too wide) in paragraph at lines 221--221
[]|\T1/cmr/bx/n/10 FM| 
 []


Overfull \hbox (7.15211pt too wide) in paragraph at lines 227--227
[]|\T1/cmr/m/n/10 ^^V| 
 []


Overfull \hbox (7.15211pt too wide) in paragraph at lines 227--227
[]|\T1/cmr/m/n/10 ^^V| 
 []


Overfull \hbox (5.48792pt too wide) in paragraph at lines 227--227
[]|[]| 
 []


Overfull \hbox (7.15211pt too wide) in paragraph at lines 227--227
[]|\T1/cmr/m/n/10 ^^V| 
 []


Overfull \hbox (7.15211pt too wide) in paragraph at lines 227--227
[]|\T1/cmr/m/n/10 ^^V| 
 []


Overfull \hbox (7.15211pt too wide) in paragraph at lines 231--231
[]|\T1/cmr/m/n/10 ^^V| 
 []


Overfull \hbox (7.15211pt too wide) in paragraph at lines 231--231
[]|\T1/cmr/m/n/10 ^^V| 
 []


Overfull \hbox (5.48792pt too wide) in paragraph at lines 231--231
[]|[]| 
 []


Overfull \hbox (7.15211pt too wide) in paragraph at lines 231--231
[]|\T1/cmr/m/n/10 ^^V| 
 []


Overfull \hbox (7.15211pt too wide) in paragraph at lines 231--231
[]|\T1/cmr/m/n/10 ^^V| 
 []


Overfull \hbox (7.15211pt too wide) in paragraph at lines 235--235
[]|\T1/cmr/m/n/10 ^^V| 
 []


Overfull \hbox (7.15211pt too wide) in paragraph at lines 235--235
[]|\T1/cmr/m/n/10 ^^V| 
 []


Overfull \hbox (5.48792pt too wide) in paragraph at lines 235--235
[]|[]| 
 []


Overfull \hbox (7.15211pt too wide) in paragraph at lines 235--235
[]|\T1/cmr/m/n/10 ^^V| 
 []


Overfull \hbox (7.15211pt too wide) in paragraph at lines 235--235
[]|\T1/cmr/m/n/10 ^^V| 
 []


Overfull \hbox (7.15211pt too wide) in paragraph at lines 239--239
[]|\T1/cmr/m/n/10 ^^V| 
 []


Overfull \hbox (7.15211pt too wide) in paragraph at lines 239--239
[]|\T1/cmr/m/n/10 ^^V| 
 []


Overfull \hbox (7.15211pt too wide) in paragraph at lines 239--239
[]|\T1/cmr/m/n/10 ^^V| 
 []


Overfull \hbox (5.48792pt too wide) in paragraph at lines 239--239
[]|[]| 
 []


Overfull \hbox (7.15211pt too wide) in paragraph at lines 239--239
[]|\T1/cmr/m/n/10 ^^V| 
 []


Overfull \hbox (13.06734pt too wide) in paragraph at lines 259--259
[]|\T1/cmr/bx/n/10 LN| 
 []


Overfull \hbox (11.10948pt too wide) in paragraph at lines 259--259
[]|\T1/cmr/bx/n/10 LT| 
 []


Overfull \hbox (10.77623pt too wide) in paragraph at lines 259--259
[]|\T1/cmr/bx/n/10 FS| 
 []


Overfull \hbox (12.70631pt too wide) in paragraph at lines 259--259
[]|\T1/cmr/bx/n/10 FQ| 
 []


Overfull \hbox (15.3029pt too wide) in paragraph at lines 259--259
[]|\T1/cmr/bx/n/10 FM| 
 []


Overfull \hbox (7.15211pt too wide) in paragraph at lines 265--265
[]|\T1/cmr/m/n/10 ^^V| 
 []


Overfull \hbox (7.15211pt too wide) in paragraph at lines 265--265
[]|\T1/cmr/m/n/10 ^^V| 
 []


Overfull \hbox (7.15211pt too wide) in paragraph at lines 265--265
[]|\T1/cmr/m/n/10 ^^V| 
 []


Overfull \hbox (7.15211pt too wide) in paragraph at lines 265--265
[]|\T1/cmr/m/n/10 ^^V| 
 []


Overfull \hbox (5.48792pt too wide) in paragraph at lines 265--265
[]|[]| 
 []


Overfull \hbox (7.15211pt too wide) in paragraph at lines 269--269
[]|\T1/cmr/m/n/10 ^^V| 
 []


Overfull \hbox (7.15211pt too wide) in paragraph at lines 269--269
[]|\T1/cmr/m/n/10 ^^V| 
 []


Overfull \hbox (7.15211pt too wide) in paragraph at lines 269--269
[]|\T1/cmr/m/n/10 ^^V| 
 []


Overfull \hbox (7.15211pt too wide) in paragraph at lines 269--269
[]|\T1/cmr/m/n/10 ^^V| 
 []


Overfull \hbox (5.48792pt too wide) in paragraph at lines 269--269
[]|[]| 
 []


LaTeX Warning: `!h' float specifier changed to `!ht'.


Package fancyhdr Warning: \headheight is too small (75.0pt): 
(fancyhdr)                Make it at least 75.54834pt, for example:
(fancyhdr)                \setlength{\headheight}{75.54834pt}.
(fancyhdr)                You might also make \topmargin smaller to compensate:

(fancyhdr)                \addtolength{\topmargin}{-0.54834pt}.

[35])) (txt/main/PRINCIPAL/70-DETALHES.tex
(txt/main/PRINCIPAL/72-DETALHES-PDAS.tex
<fig/det-msginicio.jpg, id=928, 165.61874pt x 165.61874pt>
File: fig/det-msginicio.jpg Graphic file (type jpg)
<use fig/det-msginicio.jpg>
Package pdftex.def Info: fig/det-msginicio.jpg  used on input line 47.
(pdftex.def)             Requested size: 66.14996pt x 66.15028pt.

Underfull \hbox (badness 1371) in paragraph at lines 47--47
[]|\T1/cmr/bx/n/10 Objetivo:  \T1/cmr/m/n/10 Este é um evento de
 []


Underfull \hbox (badness 1033) in paragraph at lines 47--47
\T1/cmr/m/n/10 de iniciar um novo projeto, seja ele
 []


Underfull \hbox (badness 1142) in paragraph at lines 47--47
\T1/cmr/m/n/10 um software pré-existente, de acordo
 []


Underfull \hbox (badness 10000) in paragraph at lines 47--47
\T1/cmr/m/n/10 com a classificação de demandas,
 []


Underfull \hbox (badness 1478) in paragraph at lines 47--47
\T1/cmr/m/n/10 ``manifestou-se'' na Área de TI. Não
 []


Underfull \hbox (badness 3942) in paragraph at lines 47--47
\T1/cmr/m/n/10 O que importa é que a Área de
 []


Underfull \hbox (badness 3536) in paragraph at lines 47--47
\T1/cmr/m/n/10 TI recepcionou essa demanda e as
 []


Underfull \hbox (badness 10000) in paragraph at lines 47--47
[]|$\OMS/cmsy/m/n/10 )$ \T1/cmr/m/n/10 Convocação de Reuniões de
 []


Underfull \hbox (badness 10000) in paragraph at lines 47--47
[]|\T1/cmr/m/n/10 Subprocesso ``Realizar Reuniões de
 []


Overfull \hbox (7.79106pt too wide) in paragraph at lines 47--47
[][] 
 []


Package fancyhdr Warning: \headheight is too small (75.0pt): 
(fancyhdr)                Make it at least 75.54834pt, for example:
(fancyhdr)                \setlength{\headheight}{75.54834pt}.
(fancyhdr)                You might also make \topmargin smaller to compensate:

(fancyhdr)                \addtolength{\topmargin}{-0.54834pt}.

[36]
<fig/det-sub.jpg, id=937, 165.61874pt x 165.61874pt>
File: fig/det-sub.jpg Graphic file (type jpg)
<use fig/det-sub.jpg>
Package pdftex.def Info: fig/det-sub.jpg  used on input line 100.
(pdftex.def)             Requested size: 66.14996pt x 66.15028pt.

Underfull \hbox (badness 1057) in paragraph at lines 100--100
\T1/cmr/m/n/10 definir os artefatos que serão usados
 []


Underfull \hbox (badness 10000) in paragraph at lines 100--100
\T1/cmr/m/n/10 desenvolvimento e encerramento e
 []


Overfull \hbox (7.79106pt too wide) in paragraph at lines 100--100
[][] 
 []


Package fancyhdr Warning: \headheight is too small (75.0pt): 
(fancyhdr)                Make it at least 75.54834pt, for example:
(fancyhdr)                \setlength{\headheight}{75.54834pt}.
(fancyhdr)                You might also make \topmargin smaller to compensate:

(fancyhdr)                \addtolength{\topmargin}{-0.54834pt}.

[37 <./fig/det-msginicio.jpg>]
File: fig/det-sub.jpg Graphic file (type jpg)
<use fig/det-sub.jpg>
Package pdftex.def Info: fig/det-sub.jpg  used on input line 146.
(pdftex.def)             Requested size: 66.14996pt x 66.15028pt.

Overfull \hbox (7.79106pt too wide) in paragraph at lines 146--146
[][] 
 []


Package fancyhdr Warning: \headheight is too small (75.0pt): 
(fancyhdr)                Make it at least 75.54834pt, for example:
(fancyhdr)                \setlength{\headheight}{75.54834pt}.
(fancyhdr)                You might also make \topmargin smaller to compensate:

(fancyhdr)                \addtolength{\topmargin}{-0.54834pt}.

[38 <./fig/det-sub.jpg>]
<fig/det-dec.jpg, id=964, 165.61874pt x 165.61874pt>
File: fig/det-dec.jpg Graphic file (type jpg)
<use fig/det-dec.jpg>
Package pdftex.def Info: fig/det-dec.jpg  used on input line 178.
(pdftex.def)             Requested size: 66.14996pt x 66.15028pt.

Underfull \hbox (badness 1337) in paragraph at lines 178--178
\T1/cmr/m/n/10 resultados da fase, se os entregáveis
 []


Underfull \hbox (badness 2050) in paragraph at lines 178--178
[]|$\OMS/cmsy/m/n/10 )$ \T1/cmr/m/n/10 Resultados do Processo ``Realizar
 []


Overfull \hbox (7.79106pt too wide) in paragraph at lines 178--178
[][] 
 []


Package fancyhdr Warning: \headheight is too small (75.0pt): 
(fancyhdr)                Make it at least 75.54834pt, for example:
(fancyhdr)                \setlength{\headheight}{75.54834pt}.
(fancyhdr)                You might also make \topmargin smaller to compensate:

(fancyhdr)                \addtolength{\topmargin}{-0.54834pt}.

[39]
<fig/det-pro.jpg, id=972, 165.61874pt x 165.61874pt>
File: fig/det-pro.jpg Graphic file (type jpg)
<use fig/det-pro.jpg>
Package pdftex.def Info: fig/det-pro.jpg  used on input line 215.
(pdftex.def)             Requested size: 66.14996pt x 66.15028pt.

Underfull \hbox (badness 2111) in paragraph at lines 215--215
\T1/cmr/m/n/10 na fase e decidir sobre a aplicação
 []


Underfull \hbox (badness 1622) in paragraph at lines 215--215
\T1/cmr/m/n/10 de sanções e/ou encaminhamento de
 []


Overfull \hbox (7.79106pt too wide) in paragraph at lines 215--215
[][] 
 []


Package fancyhdr Warning: \headheight is too small (75.0pt): 
(fancyhdr)                Make it at least 75.54834pt, for example:
(fancyhdr)                \setlength{\headheight}{75.54834pt}.
(fancyhdr)                You might also make \topmargin smaller to compensate:

(fancyhdr)                \addtolength{\topmargin}{-0.54834pt}.

[40 <./fig/det-dec.jpg>]
File: fig/det-pro.jpg Graphic file (type jpg)
<use fig/det-pro.jpg>
Package pdftex.def Info: fig/det-pro.jpg  used on input line 261.
(pdftex.def)             Requested size: 66.14996pt x 66.15028pt.

Overfull \hbox (7.79106pt too wide) in paragraph at lines 261--261
[][] 
 []


Package fancyhdr Warning: \headheight is too small (75.0pt): 
(fancyhdr)                Make it at least 75.54834pt, for example:
(fancyhdr)                \setlength{\headheight}{75.54834pt}.
(fancyhdr)                You might also make \topmargin smaller to compensate:

(fancyhdr)                \addtolength{\topmargin}{-0.54834pt}.

[41 <./fig/det-pro.jpg>]
File: fig/det-sub.jpg Graphic file (type jpg)
<use fig/det-sub.jpg>
Package pdftex.def Info: fig/det-sub.jpg  used on input line 305.
(pdftex.def)             Requested size: 66.14996pt x 66.15028pt.

Underfull \hbox (badness 1009) in paragraph at lines 305--305
[]|\T1/cmr/m/n/10 Processo ``Realizar Aceitação da Fase
 []


Underfull \hbox (badness 10000) in paragraph at lines 305--305
[]$\OMS/cmsy/m/n/10 )$ \T1/cmr/m/n/10 Subprocesso ``Realizar Ateste
 []


Overfull \hbox (7.79106pt too wide) in paragraph at lines 305--305
[][] 
 []


Package fancyhdr Warning: \headheight is too small (75.0pt): 
(fancyhdr)                Make it at least 75.54834pt, for example:
(fancyhdr)                \setlength{\headheight}{75.54834pt}.
(fancyhdr)                You might also make \topmargin smaller to compensate:

(fancyhdr)                \addtolength{\topmargin}{-0.54834pt}.

[42]
File: fig/det-dec.jpg Graphic file (type jpg)
<use fig/det-dec.jpg>
Package pdftex.def Info: fig/det-dec.jpg  used on input line 340.
(pdftex.def)             Requested size: 66.14996pt x 66.15028pt.

Underfull \hbox (badness 2050) in paragraph at lines 340--340
[]|$\OMS/cmsy/m/n/10 )$ \T1/cmr/m/n/10 Resultados do Processo ``Realizar
 []


Overfull \hbox (7.79106pt too wide) in paragraph at lines 340--340
[][] 
 []


Package fancyhdr Warning: \headheight is too small (75.0pt): 
(fancyhdr)                Make it at least 75.54834pt, for example:
(fancyhdr)                \setlength{\headheight}{75.54834pt}.
(fancyhdr)                You might also make \topmargin smaller to compensate:

(fancyhdr)                \addtolength{\topmargin}{-0.54834pt}.

[43]
File: fig/det-pro.jpg Graphic file (type jpg)
<use fig/det-pro.jpg>
Package pdftex.def Info: fig/det-pro.jpg  used on input line 380.
(pdftex.def)             Requested size: 66.14996pt x 66.15028pt.

Overfull \hbox (7.79106pt too wide) in paragraph at lines 380--380
[][] 
 []


Package fancyhdr Warning: \headheight is too small (75.0pt): 
(fancyhdr)                Make it at least 75.54834pt, for example:
(fancyhdr)                \setlength{\headheight}{75.54834pt}.
(fancyhdr)                You might also make \topmargin smaller to compensate:

(fancyhdr)                \addtolength{\topmargin}{-0.54834pt}.

[44]
<fig/det-eventofinal.jpg, id=1018, 165.61874pt x 165.61874pt>
File: fig/det-eventofinal.jpg Graphic file (type jpg)
<use fig/det-eventofinal.jpg>
Package pdftex.def Info: fig/det-eventofinal.jpg  used on input line 408.
(pdftex.def)             Requested size: 66.14996pt x 66.15028pt.

Overfull \hbox (7.79106pt too wide) in paragraph at lines 408--408
[][] 
 []

) (txt/main/PRINCIPAL/74-DETALHES-SPRINT.tex
<fig/det-sinalinicio.jpg, id=1021, 165.61874pt x 165.61874pt>
File: fig/det-sinalinicio.jpg Graphic file (type jpg)
<use fig/det-sinalinicio.jpg>
Package pdftex.def Info: fig/det-sinalinicio.jpg  used on input line 33.
(pdftex.def)             Requested size: 66.14996pt x 66.15028pt.

Underfull \hbox (badness 10000) in paragraph at lines 33--33
[]|\T1/cmr/m/n/10 Processo ``Realizar Reunião de
 []


Overfull \hbox (7.79106pt too wide) in paragraph at lines 33--33
[][] 
 []


Package fancyhdr Warning: \headheight is too small (75.0pt): 
(fancyhdr)                Make it at least 75.54834pt, for example:
(fancyhdr)                \setlength{\headheight}{75.54834pt}.
(fancyhdr)                You might also make \topmargin smaller to compensate:

(fancyhdr)                \addtolength{\topmargin}{-0.54834pt}.

[45 <./fig/det-eventofinal.jpg>]
File: fig/det-pro.jpg Graphic file (type jpg)
<use fig/det-pro.jpg>
Package pdftex.def Info: fig/det-pro.jpg  used on input line 78.
(pdftex.def)             Requested size: 66.14996pt x 66.15028pt.

Underfull \hbox (badness 3942) in paragraph at lines 78--78
[]|\T1/cmr/bx/n/10 Objetivo:  \T1/cmr/m/n/10 Planejar o ciclo de
 []


Underfull \hbox (badness 10000) in paragraph at lines 78--78
[]|\T1/cmr/m/it/10 Gateway \T1/cmr/m/n/10 de ativação incondicional
 []


Overfull \hbox (7.79106pt too wide) in paragraph at lines 78--78
[][] 
 []


Package fancyhdr Warning: \headheight is too small (75.0pt): 
(fancyhdr)                Make it at least 75.54834pt, for example:
(fancyhdr)                \setlength{\headheight}{75.54834pt}.
(fancyhdr)                You might also make \topmargin smaller to compensate:

(fancyhdr)                \addtolength{\topmargin}{-0.54834pt}.

[46 <./fig/det-sinalinicio.jpg>]
File: fig/det-pro.jpg Graphic file (type jpg)
<use fig/det-pro.jpg>
Package pdftex.def Info: fig/det-pro.jpg  used on input line 110.
(pdftex.def)             Requested size: 66.14996pt x 66.15028pt.

Underfull \hbox (badness 10000) in paragraph at lines 110--110
[]|\T1/cmr/bx/n/10 Objetivo:  \T1/cmr/m/n/10 Nesta atividade
 []


Underfull \hbox (badness 10000) in paragraph at lines 110--110
\T1/cmr/m/n/10 é desenvolvido o trabalho
 []


Underfull \hbox (badness 6110) in paragraph at lines 110--110
\T1/cmr/m/n/10 (funcionalidades) definido no \T1/cmr/m/it/10 Sprint
 []


Underfull \hbox (badness 10000) in paragraph at lines 110--110
[]$\OMS/cmsy/m/n/10 )$ \T1/cmr/m/n/10 Outros entregáveis previamente
 []


Underfull \hbox (badness 10000) in paragraph at lines 110--110
[]|\T1/cmr/m/n/10 Processo ``Realizar Reunião de
 []


Overfull \hbox (7.79106pt too wide) in paragraph at lines 110--110
[][] 
 []


Package fancyhdr Warning: \headheight is too small (75.0pt): 
(fancyhdr)                Make it at least 75.54834pt, for example:
(fancyhdr)                \setlength{\headheight}{75.54834pt}.
(fancyhdr)                You might also make \topmargin smaller to compensate:

(fancyhdr)                \addtolength{\topmargin}{-0.54834pt}.

[47]
File: fig/det-pro.jpg Graphic file (type jpg)
<use fig/det-pro.jpg>
Package pdftex.def Info: fig/det-pro.jpg  used on input line 145.
(pdftex.def)             Requested size: 66.14996pt x 66.15028pt.

Underfull \hbox (badness 1087) in paragraph at lines 145--145
[]|\T1/cmr/bx/n/10 Objetivo:  \T1/cmr/m/n/10 Essa atividade envolve
 []


Underfull \hbox (badness 10000) in paragraph at lines 145--145
[]$\OMS/cmsy/m/n/10 )$ \T1/cmr/m/n/10 Outros entregáveis previamente
 []


Underfull \hbox (badness 10000) in paragraph at lines 145--145
[]|\T1/cmr/m/n/10 Processo ``Realizar Reunião de
 []


Overfull \hbox (7.79106pt too wide) in paragraph at lines 145--145
[][] 
 []


Package fancyhdr Warning: \headheight is too small (75.0pt): 
(fancyhdr)                Make it at least 75.54834pt, for example:
(fancyhdr)                \setlength{\headheight}{75.54834pt}.
(fancyhdr)                You might also make \topmargin smaller to compensate:

(fancyhdr)                \addtolength{\topmargin}{-0.54834pt}.

[48]
File: fig/det-pro.jpg Graphic file (type jpg)
<use fig/det-pro.jpg>
Package pdftex.def Info: fig/det-pro.jpg  used on input line 177.
(pdftex.def)             Requested size: 66.14996pt x 66.15028pt.

Underfull \hbox (badness 1867) in paragraph at lines 177--177
[]|\T1/cmr/bx/n/10 Objetivo:  \T1/cmr/m/n/10 Acompanhar a \T1/cmr/m/it/10 Sprin
t
 []


Underfull \hbox (badness 10000) in paragraph at lines 177--177
[]|\T1/cmr/m/n/10 Processo ``Realizar Reunião de
 []


Underfull \hbox (badness 10000) in paragraph at lines 177--177
[]|\T1/cmr/m/n/10 Processo ``Realizar Reunião de
 []


Overfull \hbox (7.79106pt too wide) in paragraph at lines 177--177
[][] 
 []


Package fancyhdr Warning: \headheight is too small (75.0pt): 
(fancyhdr)                Make it at least 75.54834pt, for example:
(fancyhdr)                \setlength{\headheight}{75.54834pt}.
(fancyhdr)                You might also make \topmargin smaller to compensate:

(fancyhdr)                \addtolength{\topmargin}{-0.54834pt}.

[49]
File: fig/det-pro.jpg Graphic file (type jpg)
<use fig/det-pro.jpg>
Package pdftex.def Info: fig/det-pro.jpg  used on input line 231.
(pdftex.def)             Requested size: 66.14996pt x 66.15028pt.

Underfull \hbox (badness 10000) in paragraph at lines 231--231
[]|\T1/cmr/m/it/10 Gateway \T1/cmr/m/n/10 de ativação incondicional
 []


Overfull \hbox (7.79106pt too wide) in paragraph at lines 231--231
[][] 
 []


Package fancyhdr Warning: \headheight is too small (75.0pt): 
(fancyhdr)                Make it at least 75.54834pt, for example:
(fancyhdr)                \setlength{\headheight}{75.54834pt}.
(fancyhdr)                You might also make \topmargin smaller to compensate:

(fancyhdr)                \addtolength{\topmargin}{-0.54834pt}.

[50]
<fig/det-sinalfinal.jpg, id=1079, 165.61874pt x 165.61874pt>
File: fig/det-sinalfinal.jpg Graphic file (type jpg)
<use fig/det-sinalfinal.jpg>
Package pdftex.def Info: fig/det-sinalfinal.jpg  used on input line 260.
(pdftex.def)             Requested size: 66.14996pt x 66.15028pt.

Underfull \hbox (badness 10000) in paragraph at lines 260--260
[]|\T1/cmr/m/n/10 Processo ``Realizar Reunião de
 []


Overfull \hbox (7.79106pt too wide) in paragraph at lines 260--260
[][] 
 []


Package fancyhdr Warning: \headheight is too small (75.0pt): 
(fancyhdr)                Make it at least 75.54834pt, for example:
(fancyhdr)                \setlength{\headheight}{75.54834pt}.
(fancyhdr)                You might also make \topmargin smaller to compensate:

(fancyhdr)                \addtolength{\topmargin}{-0.54834pt}.

[51]) (txt/main/PRINCIPAL/76-DETALHES-RAT.tex
File: fig/det-sinalinicio.jpg Graphic file (type jpg)
<use fig/det-sinalinicio.jpg>
Package pdftex.def Info: fig/det-sinalinicio.jpg  used on input line 36.
(pdftex.def)             Requested size: 66.14996pt x 66.15028pt.

Overfull \hbox (7.79106pt too wide) in paragraph at lines 36--36
[][] 
 []

File: fig/det-pro.jpg Graphic file (type jpg)
<use fig/det-pro.jpg>
Package pdftex.def Info: fig/det-pro.jpg  used on input line 67.
(pdftex.def)             Requested size: 66.14996pt x 66.15028pt.

Underfull \hbox (badness 1117) in paragraph at lines 67--67
[]|\T1/cmr/bx/n/10 Objetivo:  \T1/cmr/m/n/10 Receber os entregáveis
 []


Overfull \hbox (7.79106pt too wide) in paragraph at lines 67--67
[][] 
 []


Package fancyhdr Warning: \headheight is too small (75.0pt): 
(fancyhdr)                Make it at least 75.54834pt, for example:
(fancyhdr)                \setlength{\headheight}{75.54834pt}.
(fancyhdr)                You might also make \topmargin smaller to compensate:

(fancyhdr)                \addtolength{\topmargin}{-0.54834pt}.

[52 <./fig/det-sinalfinal.jpg>]
File: fig/det-dec.jpg Graphic file (type jpg)
<use fig/det-dec.jpg>
Package pdftex.def Info: fig/det-dec.jpg  used on input line 102.
(pdftex.def)             Requested size: 66.14996pt x 66.15028pt.

Underfull \hbox (badness 2261) in paragraph at lines 102--102
[]|\T1/cmr/bx/n/10 Objetivo:  \T1/cmr/m/n/10 Verificar se todos os
 []


Overfull \hbox (7.79106pt too wide) in paragraph at lines 102--102
[][] 
 []


Package fancyhdr Warning: \headheight is too small (75.0pt): 
(fancyhdr)                Make it at least 75.54834pt, for example:
(fancyhdr)                \setlength{\headheight}{75.54834pt}.
(fancyhdr)                You might also make \topmargin smaller to compensate:

(fancyhdr)                \addtolength{\topmargin}{-0.54834pt}.

[53]
File: fig/det-dec.jpg Graphic file (type jpg)
<use fig/det-dec.jpg>
Package pdftex.def Info: fig/det-dec.jpg  used on input line 136.
(pdftex.def)             Requested size: 66.14996pt x 66.15028pt.

Underfull \hbox (badness 4927) in paragraph at lines 136--136
[]|\T1/cmr/bx/n/10 Objetivo:  \T1/cmr/m/n/10 Verificar necessidade
 []


Underfull \hbox (badness 2401) in paragraph at lines 136--136
\T1/cmr/m/n/10 de realizar medições relacionadas às
 []


Overfull \hbox (7.79106pt too wide) in paragraph at lines 136--136
[][] 
 []


Package fancyhdr Warning: \headheight is too small (75.0pt): 
(fancyhdr)                Make it at least 75.54834pt, for example:
(fancyhdr)                \setlength{\headheight}{75.54834pt}.
(fancyhdr)                You might also make \topmargin smaller to compensate:

(fancyhdr)                \addtolength{\topmargin}{-0.54834pt}.

[54]
File: fig/det-pro.jpg Graphic file (type jpg)
<use fig/det-pro.jpg>
Package pdftex.def Info: fig/det-pro.jpg  used on input line 163.
(pdftex.def)             Requested size: 66.14996pt x 66.15028pt.

Overfull \hbox (7.79106pt too wide) in paragraph at lines 163--163
[][] 
 []


Package fancyhdr Warning: \headheight is too small (75.0pt): 
(fancyhdr)                Make it at least 75.54834pt, for example:
(fancyhdr)                \setlength{\headheight}{75.54834pt}.
(fancyhdr)                You might also make \topmargin smaller to compensate:

(fancyhdr)                \addtolength{\topmargin}{-0.54834pt}.

[55]
File: fig/det-pro.jpg Graphic file (type jpg)
<use fig/det-pro.jpg>
Package pdftex.def Info: fig/det-pro.jpg  used on input line 195.
(pdftex.def)             Requested size: 66.14996pt x 66.15028pt.

Overfull \hbox (7.79106pt too wide) in paragraph at lines 195--195
[][] 
 []


Package fancyhdr Warning: \headheight is too small (75.0pt): 
(fancyhdr)                Make it at least 75.54834pt, for example:
(fancyhdr)                \setlength{\headheight}{75.54834pt}.
(fancyhdr)                You might also make \topmargin smaller to compensate:

(fancyhdr)                \addtolength{\topmargin}{-0.54834pt}.

[56]
File: fig/det-dec.jpg Graphic file (type jpg)
<use fig/det-dec.jpg>
Package pdftex.def Info: fig/det-dec.jpg  used on input line 229.
(pdftex.def)             Requested size: 66.14996pt x 66.15028pt.

Underfull \hbox (badness 3568) in paragraph at lines 229--229
\T1/cmr/m/n/10 realizar testes e outros serviços de
 []


Overfull \hbox (7.79106pt too wide) in paragraph at lines 229--229
[][] 
 []

File: fig/det-pro.jpg Graphic file (type jpg)
<use fig/det-pro.jpg>
Package pdftex.def Info: fig/det-pro.jpg  used on input line 256.
(pdftex.def)             Requested size: 66.14996pt x 66.15028pt.

Underfull \hbox (badness 1838) in paragraph at lines 256--256
\T1/cmr/m/n/10 de testes de sistemas e controle de
 []


Overfull \hbox (7.79106pt too wide) in paragraph at lines 256--256
[][] 
 []


Package fancyhdr Warning: \headheight is too small (75.0pt): 
(fancyhdr)                Make it at least 75.54834pt, for example:
(fancyhdr)                \setlength{\headheight}{75.54834pt}.
(fancyhdr)                You might also make \topmargin smaller to compensate:

(fancyhdr)                \addtolength{\topmargin}{-0.54834pt}.

[57]
File: fig/det-pro.jpg Graphic file (type jpg)
<use fig/det-pro.jpg>
Package pdftex.def Info: fig/det-pro.jpg  used on input line 286.
(pdftex.def)             Requested size: 66.14996pt x 66.15028pt.

Underfull \hbox (badness 1838) in paragraph at lines 286--286
\T1/cmr/m/n/10 de testes de sistemas e controle de
 []


Overfull \hbox (7.79106pt too wide) in paragraph at lines 286--286
[][] 
 []


Package fancyhdr Warning: \headheight is too small (75.0pt): 
(fancyhdr)                Make it at least 75.54834pt, for example:
(fancyhdr)                \setlength{\headheight}{75.54834pt}.
(fancyhdr)                You might also make \topmargin smaller to compensate:

(fancyhdr)                \addtolength{\topmargin}{-0.54834pt}.

[58]
File: fig/det-pro.jpg Graphic file (type jpg)
<use fig/det-pro.jpg>
Package pdftex.def Info: fig/det-pro.jpg  used on input line 322.
(pdftex.def)             Requested size: 66.14996pt x 66.15028pt.

Overfull \hbox (7.79106pt too wide) in paragraph at lines 322--322
[][] 
 []

File: fig/det-sinalfinal.jpg Graphic file (type jpg)
<use fig/det-sinalfinal.jpg>
Package pdftex.def Info: fig/det-sinalfinal.jpg  used on input line 352.
(pdftex.def)             Requested size: 66.14996pt x 66.15028pt.

Overfull \hbox (7.79106pt too wide) in paragraph at lines 352--352
[][] 
 []


Package fancyhdr Warning: \headheight is too small (75.0pt): 
(fancyhdr)                Make it at least 75.54834pt, for example:
(fancyhdr)                \setlength{\headheight}{75.54834pt}.
(fancyhdr)                You might also make \topmargin smaller to compensate:

(fancyhdr)                \addtolength{\topmargin}{-0.54834pt}.

[59]) (txt/main/PRINCIPAL/78-DETALHES-RRP.tex
File: fig/det-sinalinicio.jpg Graphic file (type jpg)
<use fig/det-sinalinicio.jpg>
Package pdftex.def Info: fig/det-sinalinicio.jpg  used on input line 33.
(pdftex.def)             Requested size: 66.14996pt x 66.15028pt.

Underfull \hbox (badness 10000) in paragraph at lines 33--33
[]|\T1/cmr/m/n/10 Processo ``Realizar Reuniões TI e
 []


Overfull \hbox (7.79106pt too wide) in paragraph at lines 33--33
[][] 
 []

File: fig/det-pro.jpg Graphic file (type jpg)
<use fig/det-pro.jpg>
Package pdftex.def Info: fig/det-pro.jpg  used on input line 72.
(pdftex.def)             Requested size: 66.14996pt x 66.15028pt.

Underfull \hbox (badness 1215) in paragraph at lines 72--72
[]|\T1/cmr/bx/n/10 Objetivo:  \T1/cmr/m/n/10 Reunir os \T1/cmr/m/it/10 stakehol
ders
 []


Overfull \hbox (7.79106pt too wide) in paragraph at lines 72--72
[][] 
 []


Package fancyhdr Warning: \headheight is too small (75.0pt): 
(fancyhdr)                Make it at least 75.54834pt, for example:
(fancyhdr)                \setlength{\headheight}{75.54834pt}.
(fancyhdr)                You might also make \topmargin smaller to compensate:

(fancyhdr)                \addtolength{\topmargin}{-0.54834pt}.

[60]
File: fig/det-pro.jpg Graphic file (type jpg)
<use fig/det-pro.jpg>
Package pdftex.def Info: fig/det-pro.jpg  used on input line 121.
(pdftex.def)             Requested size: 66.14996pt x 66.15028pt.

Underfull \hbox (badness 1173) in paragraph at lines 121--121
\T1/cmr/m/n/10 outros artefatos serão necessários em
 []


Underfull \hbox (badness 2573) in paragraph at lines 121--121
\T1/cmr/m/n/10 cada fase do projeto (planejamento,
 []


Underfull \hbox (badness 10000) in paragraph at lines 121--121
\T1/cmr/m/n/10 desenvolvimento e encerramento);
 []


Underfull \hbox (badness 2261) in paragraph at lines 121--121
\T1/cmr/m/n/10 de planejamento que forem julgados
 []


Overfull \hbox (7.79106pt too wide) in paragraph at lines 121--121
[][] 
 []


Package fancyhdr Warning: \headheight is too small (75.0pt): 
(fancyhdr)                Make it at least 75.54834pt, for example:
(fancyhdr)                \setlength{\headheight}{75.54834pt}.
(fancyhdr)                You might also make \topmargin smaller to compensate:

(fancyhdr)                \addtolength{\topmargin}{-0.54834pt}.

[61]
File: fig/det-sinalfinal.jpg Graphic file (type jpg)
<use fig/det-sinalfinal.jpg>
Package pdftex.def Info: fig/det-sinalfinal.jpg  used on input line 149.
(pdftex.def)             Requested size: 66.14996pt x 66.15028pt.

Underfull \hbox (badness 1102) in paragraph at lines 149--149
[]|\T1/cmr/m/n/10 Processo ``Realizar Reuniões CLDF e
 []


Overfull \hbox (7.79106pt too wide) in paragraph at lines 149--149
[][] 
 []

)) (txt/main/PRINCIPAL/75-NORMATIVOS.tex

Package fancyhdr Warning: \headheight is too small (75.0pt): 
(fancyhdr)                Make it at least 75.54834pt, for example:
(fancyhdr)                \setlength{\headheight}{75.54834pt}.
(fancyhdr)                You might also make \topmargin smaller to compensate:

(fancyhdr)                \addtolength{\topmargin}{-0.54834pt}.

[62]

Package fancyhdr Warning: \headheight is too small (75.0pt): 
(fancyhdr)                Make it at least 75.54834pt, for example:
(fancyhdr)                \setlength{\headheight}{75.54834pt}.
(fancyhdr)                You might also make \topmargin smaller to compensate:

(fancyhdr)                \addtolength{\topmargin}{-0.54834pt}.

[63]) (txt/main/PRINCIPAL/80-CONCLUSOES.tex) (txt/main/PRINCIPAL/90-ANEXOS.tex

Package fancyhdr Warning: \headheight is too small (75.0pt): 
(fancyhdr)                Make it at least 75.54834pt, for example:
(fancyhdr)                \setlength{\headheight}{75.54834pt}.
(fancyhdr)                You might also make \topmargin smaller to compensate:

(fancyhdr)                \addtolength{\topmargin}{-0.54834pt}.

[64

]
Underfull \hbox (badness 1097) in paragraph at lines 40--41
\T1/cmr/m/n/10 de objetos, regras de integridade, versionamento de scripts e bo
as práticas de desempenho
 []


Package fancyhdr Warning: \headheight is too small (75.0pt): 
(fancyhdr)                Make it at least 75.54834pt, for example:
(fancyhdr)                \setlength{\headheight}{75.54834pt}.
(fancyhdr)                You might also make \topmargin smaller to compensate:

(fancyhdr)                \addtolength{\topmargin}{-0.54834pt}.

[65

]) (txt/main/AFAZERES.tex

Package fancyhdr Warning: \headheight is too small (75.0pt): 
(fancyhdr)                Make it at least 75.54834pt, for example:
(fancyhdr)                \setlength{\headheight}{75.54834pt}.
(fancyhdr)                You might also make \topmargin smaller to compensate:

(fancyhdr)                \addtolength{\topmargin}{-0.54834pt}.

[66])

Package fancyhdr Warning: \headheight is too small (75.0pt): 
(fancyhdr)                Make it at least 75.54834pt, for example:
(fancyhdr)                \setlength{\headheight}{75.54834pt}.
(fancyhdr)                You might also make \topmargin smaller to compensate:

(fancyhdr)                \addtolength{\topmargin}{-0.54834pt}.

[67

] (main.bbl
LaTeX Font Info:    Trying to load font information for T1+cmtt on input line 8
.

(C:\Users\ronie.porfirio\AppData\Local\Programs\MiKTeX\tex/latex/base\t1cmtt.fd
File: t1cmtt.fd 2023/04/13 v2.5m Standard LaTeX font definitions
))

Package fancyhdr Warning: \headheight is too small (75.0pt): 
(fancyhdr)                Make it at least 75.54834pt, for example:
(fancyhdr)                \setlength{\headheight}{75.54834pt}.
(fancyhdr)                You might also make \topmargin smaller to compensate:

(fancyhdr)                \addtolength{\topmargin}{-0.54834pt}.

[68

] 
enddocument/afterlastpage: lastpage setting LastPage.
(main.aux)
 ***********
LaTeX2e <2023-11-01> patch level 1
L3 programming layer <2024-03-14>
 ***********


LaTeX Warning: Label(s) may have changed. Rerun to get cross-references right.

Package rerunfilecheck Info: File `main.out' has not changed.
(rerunfilecheck)             Checksum: FB327DD5753D964274A05927AE22B3A5;28450.
 ) 
Here is how much of TeX's memory you used:
 17817 strings out of 474424
 293088 string characters out of 5737491
 1962496 words of memory out of 5000000
 39482 multiletter control sequences out of 15000+600000
 581191 words of font info for 101 fonts, out of 8000000 for 9000
 1141 hyphenation exceptions out of 8191
 88i,13n,134p,1177b,599s stack positions out of 10000i,1000n,20000p,200000b,200000s

pdfTeX warning (dest): name{tar:det-pdas-sinal-final} has been referenced but d
oes not exist, replaced by a fixed one


pdfTeX warning (dest): name{tar:det-rat-pro-spt} has been referenced but does n
ot exist, replaced by a fixed one


pdfTeX warning (dest): name{tar:det-sprint-evento-rps} has been referenced but 
does not exist, replaced by a fixed one


pdfTeX warning (dest): name{tar:det-pdas-processo-raf} has been referenced but 
does not exist, replaced by a fixed one

 <C:\Users\ronie.porfirio\AppData\Local\MiKTeX\fonts/pk/ljfour/jknappen/ec/dpi6
00\ectt1000.pk> <C:\Users\ronie.porfirio\AppData\Local\MiKTeX\fonts/pk/ljfour/j
knappen/ec/dpi600\ecti0900.pk> <C:\Users\ronie.porfirio\AppData\Local\MiKTeX\fo
nts/pk/ljfour/jknappen/ec/dpi600\ecti1200.pk> <C:\Users\ronie.porfirio\AppData\
Local\MiKTeX\fonts/pk/ljfour/jknappen/ec/dpi600\ecbx0900.pk> <C:\Users\ronie.po
rfirio\AppData\Local\MiKTeX\fonts/pk/ljfour/jknappen/ec/dpi600\ecrm0900.pk> <C:
\Users\ronie.porfirio\AppData\Local\MiKTeX\fonts/pk/ljfour/jknappen/ec/dpi600\e
crm0800.pk> <C:\Users\ronie.porfirio\AppData\Local\MiKTeX\fonts/pk/ljfour/jknap
pen/ec/dpi600\ecbi1200.pk> <C:\Users\ronie.porfirio\AppData\Local\MiKTeX\fonts/
pk/ljfour/jknappen/ec/dpi600\tcrm1000.pk> <C:\Users\ronie.porfirio\AppData\Loca
l\MiKTeX\fonts/pk/ljfour/jknappen/ec/dpi600\ecbi1000.pk> <C:\Users\ronie.porfir
io\AppData\Local\MiKTeX\fonts/pk/ljfour/jknappen/ec/dpi600\ecbx1200.pk> <C:\Use
rs\ronie.porfirio\AppData\Local\MiKTeX\fonts/pk/ljfour/jknappen/ec/dpi600\ecbx1
440.pk> <C:\Users\ronie.porfirio\AppData\Local\MiKTeX\fonts/pk/ljfour/jknappen/
ec/dpi600\ecbx1000.pk> <C:\Users\ronie.porfirio\AppData\Local\MiKTeX\fonts/pk/l
jfour/jknappen/ec/dpi600\ecti1000.pk> <C:\Users\ronie.porfirio\AppData\Local\Mi
KTeX\fonts/pk/ljfour/jknappen/ec/dpi600\ecrm1000.pk> <C:\Users\ronie.porfirio\A
ppData\Local\MiKTeX\fonts/pk/ljfour/jknappen/ec/dpi600\ecrm1200.pk> <C:\Users\r
onie.porfirio\AppData\Local\MiKTeX\fonts/pk/ljfour/jknappen/ec/dpi600\ecrm1728.
pk> <C:\Users\ronie.porfirio\AppData\Local\MiKTeX\fonts/pk/ljfour/jknappen/ec/d
pi600\ecbx1728.pk><C:/Users/ronie.porfirio/AppData/Local/Programs/MiKTeX/fonts/
type1/public/amsfonts/cm/cmr10.pfb><C:/Users/ronie.porfirio/AppData/Local/Progr
ams/MiKTeX/fonts/type1/public/amsfonts/cm/cmr9.pfb><C:/Users/ronie.porfirio/App
Data/Local/Programs/MiKTeX/fonts/type1/public/amsfonts/cm/cmsy10.pfb><C:/Users/
ronie.porfirio/AppData/Local/Programs/MiKTeX/fonts/type1/public/amsfonts/cm/cms
y9.pfb><C:/Users/ronie.porfirio/AppData/Local/Programs/MiKTeX/fonts/type1/publi
c/amsfonts/symbols/msam10.pfb>
Output written on main.pdf (68 pages, 1429871 bytes).
PDF statistics:
 1951 PDF objects out of 2073 (max. 8388607)
 286 named destinations out of 1000 (max. 500000)
 1100 words of extra memory for PDF output out of 10000 (max. 10000000)

