\BOOKMARK [1][-]{section.1}{\376\377\000I\000n\000t\000r\000o\000d\000u\000\347\000\343\000o}{}% 1
\BOOKMARK [1][-]{section.2}{\376\377\000C\000o\000n\000c\000e\000i\000t\000o\000s}{}% 2
\BOOKMARK [2][-]{subsection.2.1}{\376\377\000M\000o\000d\000e\000l\000o\000s\000\040\000\301\000g\000e\000i\000s}{section.2}% 3
\BOOKMARK [2][-]{subsection.2.2}{\376\377\000F\000r\000a\000m\000e\000w\000o\000r\000k\000\040\000S\000c\000r\000u\000m}{section.2}% 4
\BOOKMARK [3][-]{subsubsection.2.2.1}{\376\377\000P\000a\000p\000e\000l\000\040\000S\000c\000r\000u\000m\000\040\000P\000r\000o\000d\000u\000c\000t\000\040\000O\000w\000n\000e\000r\000\040\000\050\000P\000O\000\051}{subsection.2.2}% 5
\BOOKMARK [3][-]{subsubsection.2.2.2}{\376\377\000P\000a\000p\000e\000l\000\040\000S\000c\000r\000u\000m\000\040\000M\000a\000s\000t\000e\000r}{subsection.2.2}% 6
\BOOKMARK [3][-]{subsubsection.2.2.3}{\376\377\000T\000i\000m\000e\000\040\000d\000e\000\040\000D\000e\000s\000e\000n\000v\000o\000l\000v\000i\000m\000e\000n\000t\000o}{subsection.2.2}% 7
\BOOKMARK [3][-]{subsubsection.2.2.4}{\376\377\000C\000i\000c\000l\000o\000\040\000d\000e\000\040\000d\000e\000s\000e\000n\000v\000o\000l\000v\000i\000m\000e\000n\000t\000o\000\040\000S\000c\000r\000u\000m}{subsection.2.2}% 8
\BOOKMARK [1][-]{section.3}{\376\377\000F\000l\000u\000x\000o\000\040\000d\000o\000\040\000P\000r\000o\000c\000e\000s\000s\000o}{}% 9
\BOOKMARK [2][-]{subsection.3.1}{\376\377\000P\000r\000o\000c\000e\000s\000s\000o\000\040\000d\000e\000\040\000D\000e\000s\000e\000n\000v\000o\000l\000v\000i\000m\000e\000n\000t\000o\000\040\000\301\000g\000i\000l\000\040\000d\000e\000\040\000S\000o\000f\000t\000w\000a\000r\000e}{section.3}% 10
\BOOKMARK [2][-]{subsection.3.2}{\376\377\000S\000u\000b\000p\000r\000o\000c\000e\000s\000s\000o\000\040\000S\000p\000r\000i\000n\000t}{section.3}% 11
\BOOKMARK [2][-]{subsection.3.3}{\376\377\000S\000u\000b\000p\000r\000o\000c\000e\000s\000s\000o\000\040\000R\000e\000a\000l\000i\000z\000a\000r\000\040\000A\000t\000e\000s\000t\000e\000\040\000T\000\351\000c\000n\000i\000c\000o}{section.3}% 12
\BOOKMARK [2][-]{subsection.3.4}{\376\377\000S\000u\000b\000p\000r\000o\000c\000e\000s\000s\000o\000\040\000R\000e\000a\000l\000i\000z\000a\000r\000\040\000R\000e\000u\000n\000i\000\365\000e\000s\000\040\000d\000e\000\040\000P\000l\000a\000n\000e\000j\000a\000m\000e\000n\000t\000o}{section.3}% 13
\BOOKMARK [1][-]{section.4}{\376\377\000C\000l\000a\000s\000s\000i\000f\000i\000c\000a\000\347\000\343\000o\000\040\000d\000e\000\040\000D\000e\000m\000a\000n\000d\000a\000s}{}% 14
\BOOKMARK [2][-]{subsection.4.1}{\376\377\000S\000i\000s\000t\000e\000m\000a\000\040\000n\000o\000v\000o}{section.4}% 15
\BOOKMARK [2][-]{subsection.4.2}{\376\377\000M\000a\000n\000u\000t\000e\000n\000\347\000\343\000o\000\040\000e\000v\000o\000l\000u\000t\000i\000v\000a}{section.4}% 16
\BOOKMARK [2][-]{subsection.4.3}{\376\377\000M\000a\000n\000u\000t\000e\000n\000\347\000\343\000o\000\040\000c\000o\000r\000r\000e\000t\000i\000v\000a}{section.4}% 17
\BOOKMARK [2][-]{subsection.4.4}{\376\377\000R\000e\000f\000a\000t\000o\000r\000a\000\347\000\343\000o}{section.4}% 18
\BOOKMARK [1][-]{section.5}{\376\377\000A\000t\000o\000r\000e\000s\000\040\000d\000o\000\040\000P\000r\000o\000c\000e\000s\000s\000o}{}% 19
\BOOKMARK [2][-]{subsection.5.1}{\376\377\000C\000L\000D\000F}{section.5}% 20
\BOOKMARK [3][-]{subsubsection.5.1.1}{\376\377\000\301\000r\000e\000a\000\040\000d\000e\000\040\000N\000e\000g\000\363\000c\000i\000o\000s\000\040\000\050\000A\000N\000\051}{subsection.5.1}% 21
\BOOKMARK [4][-]{subsubsubsection.5.1.1.1}{\376\377\000L\000\355\000d\000e\000r\000\040\000d\000e\000\040\000N\000e\000g\000\363\000c\000i\000o\000s\000\040\000\050\000L\000N\000\051}{subsubsection.5.1.1}% 22
\BOOKMARK [3][-]{subsubsection.5.1.2}{\376\377\000\301\000r\000e\000a\000\040\000d\000e\000\040\000T\000I\000\040\000\050\000A\000T\000\051}{subsection.5.1}% 23
\BOOKMARK [4][-]{subsubsubsection.5.1.2.1}{\376\377\000L\000\355\000d\000e\000r\000\040\000T\000\351\000c\000n\000i\000c\000o\000\040\000\050\000L\000T\000\051}{subsubsection.5.1.2}% 24
\BOOKMARK [2][-]{subsection.5.2}{\376\377\000F\000\341\000b\000r\000i\000c\000a\000s}{section.5}% 25
\BOOKMARK [3][-]{subsubsection.5.2.1}{\376\377\000F\000\341\000b\000r\000i\000c\000a\000\040\000d\000e\000\040\000S\000o\000f\000t\000w\000a\000r\000e\000\040\000\050\000F\000S\000\051}{subsection.5.2}% 26
\BOOKMARK [4][-]{subsubsubsection.5.2.1.1}{\376\377\000T\000i\000m\000e\000\040\000d\000e\000\040\000D\000e\000s\000e\000n\000v\000o\000l\000v\000i\000m\000e\000n\000t\000o\000\040\000d\000a\000\040\000F\000\341\000b\000r\000i\000c\000a\000\040\000d\000e\000\040\000S\000o\000f\000t\000w\000a\000r\000e}{subsubsection.5.2.1}% 27
\BOOKMARK [4][-]{subsubsubsection.5.2.1.2}{\376\377\000S\000c\000r\000u\000m\000\040\000M\000a\000s\000t\000e\000r\000\040\000d\000a\000\040\000F\000\341\000b\000r\000i\000c\000a\000\040\000d\000e\000\040\000S\000o\000f\000t\000w\000a\000r\000e}{subsubsection.5.2.1}% 28
\BOOKMARK [4][-]{subsubsubsection.5.2.1.3}{\376\377\000R\000e\000p\000r\000e\000s\000e\000n\000t\000a\000n\000t\000e\000\040\000T\000\351\000c\000n\000i\000c\000o\000\040\000d\000a\000\040\000F\000\341\000b\000r\000i\000c\000a\000\040\000d\000e\000\040\000S\000o\000f\000t\000w\000a\000r\000e}{subsubsection.5.2.1}% 29
\BOOKMARK [3][-]{subsubsection.5.2.2}{\376\377\000F\000\341\000b\000r\000i\000c\000a\000\040\000d\000e\000\040\000M\000\351\000t\000r\000i\000c\000a\000s\000\040\000\050\000F\000M\000\051}{subsection.5.2}% 30
\BOOKMARK [4][-]{subsubsubsection.5.2.2.1}{\376\377\000R\000e\000p\000r\000e\000s\000e\000n\000t\000a\000n\000t\000e\000\040\000T\000\351\000c\000n\000i\000c\000o\000\040\000d\000a\000\040\000F\000\341\000b\000r\000i\000c\000a\000\040\000d\000e\000\040\000M\000\351\000t\000r\000i\000c\000a\000s}{subsubsection.5.2.2}% 31
\BOOKMARK [3][-]{subsubsection.5.2.3}{\376\377\000F\000\341\000b\000r\000i\000c\000a\000\040\000d\000e\000\040\000Q\000u\000a\000l\000i\000d\000a\000d\000e\000\040\000\050\000F\000Q\000\051}{subsection.5.2}% 32
\BOOKMARK [4][-]{subsubsubsection.5.2.3.1}{\376\377\000R\000e\000p\000r\000e\000s\000e\000n\000t\000a\000n\000t\000e\000\040\000T\000\351\000c\000n\000i\000c\000o\000\040\000d\000a\000\040\000F\000\341\000b\000r\000i\000c\000a\000\040\000d\000e\000\040\000Q\000u\000a\000l\000i\000d\000a\000d\000e}{subsubsection.5.2.3}% 33
\BOOKMARK [1][-]{section.6}{\376\377\000R\000e\000u\000n\000i\000\365\000e\000s}{}% 34
\BOOKMARK [2][-]{subsection.6.1}{\376\377\000R\000e\000u\000n\000i\000\365\000e\000s\000\040\000d\000e\000\040\000P\000l\000a\000n\000e\000j\000a\000m\000e\000n\000t\000o}{section.6}% 35
\BOOKMARK [3][-]{subsubsection.6.1.1}{\376\377\000R\000e\000a\000l\000i\000z\000a\000r\000\040\000R\000e\000u\000n\000i\000\365\000e\000s\000\040\000e\000n\000t\000r\000e\000\040\000T\000I\000\040\000e\000\040\000N\000e\000g\000\363\000c\000i\000o\000s}{subsection.6.1}% 36
\BOOKMARK [3][-]{subsubsection.6.1.2}{\376\377\000R\000e\000a\000l\000i\000z\000a\000r\000\040\000R\000e\000u\000n\000i\000\365\000e\000s\000\040\000e\000n\000t\000r\000e\000\040\000C\000L\000D\000F\000\040\000e\000\040\000F\000\341\000b\000r\000i\000c\000a\000s}{subsection.6.1}% 37
\BOOKMARK [4][-]{subsubsubsection.6.1.2.1}{\376\377\000O\000b\000j\000e\000t\000i\000v\000o\000:\000\040\000A\000p\000r\000e\000s\000e\000n\000t\000a\000r\000\040\000L\000\355\000d\000e\000r\000e\000s\000\040\000C\000L\000D\000F\000\040\000e\000\040\000R\000e\000p\000r\000e\000s\000e\000n\000t\000a\000n\000t\000e\000s\000\040\000F\000\341\000b\000r\000i\000c\000a\000s}{subsubsection.6.1.2}% 38
\BOOKMARK [4][-]{subsubsubsection.6.1.2.2}{\376\377\000O\000b\000j\000e\000t\000i\000v\000o\000:\000\040\000A\000p\000r\000e\000s\000e\000n\000t\000a\000r\000\040\000e\000s\000t\000e\000\040\000M\000D\000S\000\040\000e\000\040\000o\000\040\000P\000D\000A\000S}{subsubsection.6.1.2}% 39
\BOOKMARK [4][-]{subsubsubsection.6.1.2.3}{\376\377\000O\000b\000j\000e\000t\000i\000v\000o\000:\000\040\000A\000p\000r\000e\000s\000e\000n\000t\000a\000r\000\040\000o\000\040\000`\000`\000D\000o\000c\000u\000m\000e\000n\000t\000o\000\040\000d\000e\000\040\000V\000i\000s\000\343\000o\000'\000'\000\040\000d\000o\000\040\000p\000r\000o\000j\000e\000t\000o\000\040\000q\000u\000e\000\040\000s\000e\000r\000\341\000\040\000d\000e\000s\000e\000n\000v\000o\000l\000v\000i\000d\000o}{subsubsection.6.1.2}% 40
\BOOKMARK [4][-]{subsubsubsection.6.1.2.4}{\376\377\000O\000b\000j\000e\000t\000i\000v\000o\000:\000\040\000E\000l\000a\000b\000o\000r\000a\000r\000\040\000e\000\040\000a\000p\000r\000o\000v\000a\000r\000\040\000o\000\040\000`\000`\000D\000o\000c\000u\000m\000e\000n\000t\000o\000\040\000d\000e\000\040\000D\000e\000f\000i\000n\000i\000\347\000\343\000o\000\040\000d\000e\000\040\000A\000r\000t\000e\000f\000a\000t\000o\000s\000'\000'}{subsubsection.6.1.2}% 41
\BOOKMARK [4][-]{subsubsubsection.6.1.2.5}{\376\377\000O\000b\000j\000e\000t\000i\000v\000o\000:\000\040\000E\000l\000a\000b\000o\000r\000a\000r\000\040\000e\000\040\000a\000p\000r\000o\000v\000a\000r\000\040\000a\000\040\000`\000`\000F\000o\000r\000m\000a\000\040\000d\000a\000\040\000E\000n\000t\000r\000e\000g\000a\000'\000'\000\040\000d\000o\000s\000\040\000e\000n\000t\000r\000e\000g\000\341\000v\000e\000i\000s}{subsubsection.6.1.2}% 42
\BOOKMARK [4][-]{subsubsubsection.6.1.2.6}{\376\377\000O\000b\000j\000e\000t\000i\000v\000o\000:\000\040\000E\000l\000a\000b\000o\000r\000a\000r\000\040\000e\000\040\000a\000p\000r\000o\000v\000a\000r\000\040\000a\000\040\000`\000`\000D\000e\000f\000i\000n\000i\000\347\000\343\000o\000\040\000d\000e\000\040\000P\000r\000o\000n\000t\000o\000'\000'}{subsubsection.6.1.2}% 43
\BOOKMARK [4][-]{subsubsubsection.6.1.2.7}{\376\377\000O\000b\000j\000e\000t\000i\000v\000o\000:\000\040\000D\000e\000t\000e\000r\000m\000i\000n\000a\000r\000\040\000a\000\040\000`\000`\000D\000u\000r\000a\000\347\000\343\000o\000\040\000d\000a\000\040\000S\000p\000r\000i\000n\000t\000'\000'}{subsubsection.6.1.2}% 44
\BOOKMARK [4][-]{subsubsubsection.6.1.2.8}{\376\377\000O\000b\000j\000e\000t\000i\000v\000o\000:\000\040\000A\000m\000a\000d\000u\000r\000e\000c\000e\000r\000\040\000o\000\040\000P\000r\000o\000d\000u\000c\000t\000\040\000B\000a\000c\000k\000l\000o\000g}{subsubsection.6.1.2}% 45
\BOOKMARK [2][-]{subsection.6.2}{\376\377\000R\000e\000u\000n\000i\000\365\000e\000s\000\040\000d\000e\000\040\000D\000e\000s\000e\000n\000v\000o\000l\000v\000i\000m\000e\000n\000t\000o}{section.6}% 46
\BOOKMARK [3][-]{subsubsection.6.2.1}{\376\377\000R\000e\000u\000n\000i\000\343\000o\000\040\000d\000e\000\040\000P\000l\000a\000n\000e\000j\000a\000m\000e\000n\000t\000o\000\040\000d\000a\000\040\000S\000p\000r\000i\000n\000t}{subsection.6.2}% 47
\BOOKMARK [4][-]{subsubsubsection.6.2.1.1}{\376\377\000F\000a\000s\000e\000\040\000I\000n\000i\000c\000i\000a\000l}{subsubsection.6.2.1}% 48
\BOOKMARK [4][-]{subsubsubsection.6.2.1.2}{\376\377\000F\000a\000s\000e\000\040\000F\000i\000n\000a\000l}{subsubsection.6.2.1}% 49
\BOOKMARK [3][-]{subsubsection.6.2.2}{\376\377\000R\000e\000u\000n\000i\000\343\000o\000\040\000D\000i\000\341\000r\000i\000a}{subsection.6.2}% 50
\BOOKMARK [3][-]{subsubsection.6.2.3}{\376\377\000R\000e\000u\000n\000i\000\343\000o\000\040\000d\000e\000\040\000E\000n\000c\000e\000r\000r\000a\000m\000e\000n\000t\000o\000\040\000d\000a\000\040\000S\000p\000r\000i\000n\000t}{subsection.6.2}% 51
\BOOKMARK [2][-]{subsection.6.3}{\376\377\000R\000e\000u\000n\000i\000\343\000o\000\040\000d\000e\000\040\000E\000n\000c\000e\000r\000r\000a\000m\000e\000n\000t\000o}{section.6}% 52
\BOOKMARK [1][-]{section.7}{\376\377\000A\000r\000t\000e\000f\000a\000t\000o\000s}{}% 53
\BOOKMARK [2][-]{subsection.7.1}{\376\377\000A\000r\000t\000e\000f\000a\000t\000o\000s\000\040\000o\000r\000i\000g\000i\000n\000a\000i\000s\000\040\000S\000c\000r\000u\000m}{section.7}% 54
\BOOKMARK [3][-]{subsubsection.7.1.1}{\376\377\000D\000o\000c\000u\000m\000e\000n\000t\000o\000\040\000d\000e\000\040\000V\000i\000s\000\343\000o}{subsection.7.1}% 55
\BOOKMARK [3][-]{subsubsection.7.1.2}{\376\377\000P\000r\000o\000d\000u\000c\000t\000\040\000B\000a\000c\000k\000l\000o\000g}{subsection.7.1}% 56
\BOOKMARK [3][-]{subsubsection.7.1.3}{\376\377\000S\000p\000r\000i\000n\000t\000\040\000B\000a\000c\000k\000l\000o\000g}{subsection.7.1}% 57
\BOOKMARK [3][-]{subsubsection.7.1.4}{\376\377\000H\000i\000s\000t\000\363\000r\000i\000a\000\040\000d\000e\000\040\000u\000s\000u\000\341\000r\000i\000o}{subsection.7.1}% 58
\BOOKMARK [4][-]{subsubsubsection.7.1.4.1}{\376\377\000F\000o\000r\000m\000a\000t\000o\000\040\000C\000l\000\341\000s\000s\000i\000c\000o}{subsubsection.7.1.4}% 59
\BOOKMARK [4][-]{subsubsubsection.7.1.4.2}{\376\377\000S\000u\000g\000e\000s\000t\000\365\000e\000s\000\040\000p\000a\000r\000a\000\040\000p\000r\000o\000d\000u\000z\000i\000r\000\040\000b\000o\000a\000s\000\040\000h\000i\000s\000t\000\363\000r\000i\000a\000s\000\040\000d\000e\000\040\000u\000s\000u\000\341\000r\000i\000o}{subsubsection.7.1.4}% 60
\BOOKMARK [4][-]{subsubsubsection.7.1.4.3}{\376\377\000H\000i\000s\000t\000\363\000r\000i\000a\000s\000\040\000d\000e\000\040\000u\000s\000u\000\341\000r\000i\000o\000\040\000n\000a\000\040\000p\000r\000\341\000t\000i\000c\000a}{subsubsection.7.1.4}% 61
\BOOKMARK [3][-]{subsubsection.7.1.5}{\376\377\000D\000e\000f\000i\000n\000i\000\347\000\343\000o\000\040\000d\000e\000\040\000P\000r\000o\000n\000t\000o}{subsection.7.1}% 62
\BOOKMARK [3][-]{subsubsection.7.1.6}{\376\377\000I\000n\000c\000r\000e\000m\000e\000n\000t\000o\000\040\000d\000o\000\040\000P\000r\000o\000d\000u\000t\000o}{subsection.7.1}% 63
\BOOKMARK [2][-]{subsection.7.2}{\376\377\000A\000r\000t\000e\000f\000a\000t\000o\000s\000\040\000m\000\355\000n\000i\000m\000o\000s\000\040\000d\000o\000\040\000p\000r\000o\000c\000e\000s\000s\000o}{section.7}% 64
\BOOKMARK [3][-]{subsubsection.7.2.1}{\376\377\000D\000o\000c\000u\000m\000e\000n\000t\000o\000\040\000d\000e\000\040\000D\000e\000f\000i\000n\000i\000\347\000\343\000o\000\040\000d\000e\000\040\000L\000\355\000d\000e\000r\000\040\000T\000\351\000c\000n\000i\000c\000o\000\040\000e\000\040\000L\000\355\000d\000e\000r\000\040\000d\000e\000\040\000N\000e\000g\000\363\000c\000i\000o\000s}{subsection.7.2}% 65
\BOOKMARK [3][-]{subsubsection.7.2.2}{\376\377\000D\000o\000c\000u\000m\000e\000n\000t\000o\000\040\000d\000e\000\040\000D\000e\000f\000i\000n\000i\000\347\000\343\000o\000\040\000d\000e\000\040\000A\000r\000t\000e\000f\000a\000t\000o\000s}{subsection.7.2}% 66
\BOOKMARK [3][-]{subsubsection.7.2.3}{\376\377\000F\000o\000r\000m\000a\000\040\000d\000a\000s\000\040\000E\000n\000t\000r\000e\000g\000a\000s}{subsection.7.2}% 67
\BOOKMARK [3][-]{subsubsection.7.2.4}{\376\377\000P\000a\000c\000o\000t\000e\000\040\000d\000e\000\040\000P\000r\000o\000d\000u\000t\000o\000s\000\040\000d\000e\000\040\000T\000e\000s\000t\000e\000s\000\040\000e\000\040\000C\000o\000n\000t\000r\000o\000l\000e\000\040\000d\000e\000\040\000Q\000u\000a\000l\000i\000d\000a\000d\000e}{subsection.7.2}% 68
\BOOKMARK [3][-]{subsubsection.7.2.5}{\376\377\000P\000a\000c\000o\000t\000e\000\040\000d\000e\000\040\000P\000r\000o\000d\000u\000t\000o\000s\000\040\000d\000e\000\040\000M\000e\000d\000i\000\347\000\343\000o\000\040\000d\000e\000\040\000S\000i\000s\000t\000e\000m\000a\000s}{subsection.7.2}% 69
\BOOKMARK [2][-]{subsection.7.3}{\376\377\000A\000r\000t\000e\000f\000a\000t\000o\000s\000\040\000s\000u\000g\000e\000r\000i\000d\000o\000s}{section.7}% 70
\BOOKMARK [3][-]{subsubsection.7.3.1}{\376\377\000F\000a\000s\000e\000\040\000d\000e\000\040\000P\000l\000a\000n\000e\000j\000a\000m\000e\000n\000t\000o}{subsection.7.3}% 71
\BOOKMARK [3][-]{subsubsection.7.3.2}{\376\377\000F\000a\000s\000e\000\040\000d\000e\000\040\000D\000e\000s\000e\000n\000v\000o\000l\000v\000i\000m\000e\000n\000t\000o}{subsection.7.3}% 72
\BOOKMARK [4][-]{subsubsubsection.7.3.2.1}{\376\377\000G\000r\000\341\000f\000i\000c\000o\000s\000\040\000d\000e\000\040\000A\000c\000o\000m\000p\000a\000n\000h\000a\000m\000e\000n\000t\000o\000\040\000d\000o\000\040\000T\000r\000a\000b\000a\000l\000h\000o}{subsubsection.7.3.2}% 73
\BOOKMARK [4][-]{subsubsubsection.7.3.2.2}{\376\377\000R\000e\000l\000a\000t\000\363\000r\000i\000o\000\040\000G\000e\000r\000e\000n\000c\000i\000a\000l}{subsubsection.7.3.2}% 74
\BOOKMARK [3][-]{subsubsection.7.3.3}{\376\377\000F\000a\000s\000e\000\040\000d\000e\000\040\000E\000n\000c\000e\000r\000r\000a\000m\000e\000n\000t\000o}{subsection.7.3}% 75
\BOOKMARK [3][-]{subsubsection.7.3.4}{\376\377\000A\000r\000t\000e\000f\000a\000t\000o\000s\000\040\000d\000e\000\040\000M\000e\000d\000i\000\347\000\343\000o\000\040\000d\000e\000\040\000S\000i\000s\000t\000e\000m\000a\000s}{subsection.7.3}% 76
\BOOKMARK [3][-]{subsubsection.7.3.5}{\376\377\000A\000r\000t\000e\000f\000a\000t\000o\000s\000\040\000a\000d\000i\000c\000i\000o\000n\000a\000i\000s}{subsection.7.3}% 77
\BOOKMARK [4][-]{subsubsubsection.7.3.5.1}{\376\377\000T\000e\000r\000m\000o\000\040\000d\000e\000\040\000A\000c\000e\000i\000t\000e\000\040\000d\000a\000\040\000F\000a\000s\000e\000\040\000\050\000T\000A\000F\000\051}{subsubsection.7.3.5}% 78
\BOOKMARK [4][-]{subsubsubsection.7.3.5.2}{\376\377\000A\000t\000a\000s\000\040\000d\000e\000\040\000R\000e\000u\000n\000i\000\343\000o}{subsubsection.7.3.5}% 79
\BOOKMARK [1][-]{section.8}{\376\377\000D\000e\000t\000a\000l\000h\000e\000s\000\040\000d\000o\000\040\000P\000r\000o\000c\000e\000s\000s\000o}{}% 80
\BOOKMARK [2][-]{subsection.8.1}{\376\377\000P\000r\000o\000c\000e\000s\000s\000o\000\040\000d\000e\000\040\000D\000e\000s\000e\000n\000v\000o\000l\000v\000i\000m\000e\000n\000t\000o\000\040\000\301\000g\000i\000l\000\040\000d\000e\000\040\000S\000o\000f\000t\000w\000a\000r\000e}{section.8}% 81
\BOOKMARK [3][-]{subsubsection.8.1.1}{\376\377\000E\000v\000e\000n\000t\000o\000:\000\040\000`\000`\000R\000e\000c\000e\000b\000i\000m\000e\000n\000t\000o\000\040\000d\000e\000\040\000D\000e\000m\000a\000n\000d\000a\000'\000'}{subsection.8.1}% 82
\BOOKMARK [3][-]{subsubsection.8.1.2}{\376\377\000S\000u\000b\000p\000r\000o\000c\000e\000s\000s\000o\000:\000\040\000`\000`\000R\000e\000a\000l\000i\000z\000a\000r\000\040\000R\000e\000u\000n\000i\000\365\000e\000s\000\040\000d\000e\000\040\000P\000l\000a\000n\000e\000j\000a\000m\000e\000n\000t\000o\000'\000'}{subsection.8.1}% 83
\BOOKMARK [3][-]{subsubsection.8.1.3}{\376\377\000S\000u\000b\000p\000r\000o\000c\000e\000s\000s\000o\000:\000\040\000`\000`\000R\000e\000a\000l\000i\000z\000a\000r\000\040\000A\000t\000e\000s\000t\000e\000\040\000T\000\351\000c\000n\000i\000c\000o\000'\000'}{subsection.8.1}% 84
\BOOKMARK [3][-]{subsubsection.8.1.4}{\376\377\000D\000e\000c\000i\000s\000\343\000o\000:\000\040\000`\000`\000V\000a\000l\000i\000d\000a\000d\000o\000?\000'\000'}{subsection.8.1}% 85
\BOOKMARK [3][-]{subsubsection.8.1.5}{\376\377\000P\000r\000o\000c\000e\000s\000s\000o\000:\000\040\000`\000`\000V\000e\000r\000i\000f\000i\000c\000a\000r\000\040\000A\000p\000l\000i\000c\000a\000\347\000\343\000o\000\040\000d\000e\000\040\000S\000a\000n\000\347\000\365\000e\000s\000'\000'}{subsection.8.1}% 86
\BOOKMARK [3][-]{subsubsection.8.1.6}{\376\377\000P\000r\000o\000c\000e\000s\000s\000o\000:\000\040\000`\000`\000R\000e\000a\000l\000i\000z\000a\000r\000\040\000A\000c\000e\000i\000t\000a\000\347\000\343\000o\000\040\000d\000a\000\040\000F\000a\000s\000e\000'\000'}{subsection.8.1}% 87
\BOOKMARK [3][-]{subsubsection.8.1.7}{\376\377\000S\000u\000b\000p\000r\000o\000c\000e\000s\000s\000o\000:\000\040\000`\000`\000S\000p\000r\000i\000n\000t\000'\000'}{subsection.8.1}% 88
\BOOKMARK [3][-]{subsubsection.8.1.8}{\376\377\000D\000e\000c\000i\000s\000\343\000o\000:\000\040\000`\000`\000H\000a\000v\000e\000r\000\341\000\040\000o\000u\000t\000r\000a\000\040\000S\000p\000r\000i\000n\000t\000?\000'\000'}{subsection.8.1}% 89
\BOOKMARK [3][-]{subsubsection.8.1.9}{\376\377\000P\000r\000o\000c\000e\000s\000s\000o\000:\000\040\000`\000`\000R\000e\000a\000l\000i\000z\000a\000r\000\040\000R\000e\000u\000n\000i\000\343\000o\000\040\000d\000e\000\040\000E\000n\000c\000e\000r\000r\000a\000m\000e\000n\000t\000o\000'\000'}{subsection.8.1}% 90
\BOOKMARK [3][-]{subsubsection.8.1.10}{\376\377\000E\000v\000e\000n\000t\000o\000:\000\040\000`\000`\000F\000i\000n\000a\000l\000\040\000d\000o\000\040\000P\000r\000o\000c\000e\000s\000s\000o\000'\000'}{subsection.8.1}% 91
\BOOKMARK [2][-]{subsection.8.2}{\376\377\000S\000u\000b\000p\000r\000o\000c\000e\000s\000s\000o\000\040\000S\000p\000r\000i\000n\000t}{section.8}% 92
\BOOKMARK [3][-]{subsubsection.8.2.1}{\376\377\000E\000v\000e\000n\000t\000o\000:\000\040\000`\000`\000S\000i\000n\000a\000l\000\040\000d\000e\000\040\000I\000n\000\355\000c\000i\000o\000'\000'}{subsection.8.2}% 93
\BOOKMARK [3][-]{subsubsection.8.2.2}{\376\377\000P\000r\000o\000c\000e\000s\000s\000o\000:\000\040\000`\000`\000R\000e\000a\000l\000i\000z\000a\000r\000\040\000R\000e\000u\000n\000i\000\343\000o\000\040\000d\000e\000\040\000P\000l\000a\000n\000e\000j\000a\000m\000e\000n\000t\000o\000\040\000d\000a\000\040\000S\000p\000r\000i\000n\000t\000'\000'}{subsection.8.2}% 94
\BOOKMARK [3][-]{subsubsection.8.2.3}{\376\377\000P\000r\000o\000c\000e\000s\000s\000o\000:\000\040\000`\000`\000D\000e\000s\000e\000n\000v\000o\000l\000v\000e\000r\000'\000'}{subsection.8.2}% 95
\BOOKMARK [3][-]{subsubsection.8.2.4}{\376\377\000P\000r\000o\000c\000e\000s\000s\000o\000:\000\040\000`\000`\000E\000n\000t\000r\000e\000g\000a\000r\000'\000'}{subsection.8.2}% 96
\BOOKMARK [3][-]{subsubsection.8.2.5}{\376\377\000P\000r\000o\000c\000e\000s\000s\000o\000:\000\040\000`\000`\000A\000c\000o\000m\000p\000a\000n\000h\000a\000r\000\040\000S\000p\000r\000i\000n\000t\000'\000'}{subsection.8.2}% 97
\BOOKMARK [3][-]{subsubsection.8.2.6}{\376\377\000P\000r\000o\000c\000e\000s\000s\000o\000:\000\040\000`\000`\000R\000e\000a\000l\000i\000z\000a\000r\000\040\000R\000e\000u\000n\000i\000\343\000o\000\040\000d\000e\000\040\000E\000n\000c\000e\000r\000r\000a\000m\000e\000n\000t\000o\000\040\000d\000a\000\040\000S\000p\000r\000i\000n\000t\000'\000'}{subsection.8.2}% 98
\BOOKMARK [3][-]{subsubsection.8.2.7}{\376\377\000E\000v\000e\000n\000t\000o\000:\000\040\000`\000`\000S\000i\000n\000a\000l\000\040\000d\000e\000\040\000F\000i\000m\000'\000'}{subsection.8.2}% 99
\BOOKMARK [2][-]{subsection.8.3}{\376\377\000S\000u\000b\000p\000r\000o\000c\000e\000s\000s\000o\000\040\000R\000e\000a\000l\000i\000z\000a\000r\000\040\000A\000t\000e\000s\000t\000e\000\040\000T\000\351\000c\000n\000i\000c\000o}{section.8}% 100
\BOOKMARK [3][-]{subsubsection.8.3.1}{\376\377\000E\000v\000e\000n\000t\000o\000:\000\040\000`\000`\000S\000i\000n\000a\000l\000\040\000d\000e\000\040\000I\000n\000\355\000c\000i\000o\000'\000'}{subsection.8.3}% 101
\BOOKMARK [3][-]{subsubsection.8.3.2}{\376\377\000P\000r\000o\000c\000e\000s\000s\000o\000:\000\040\000`\000`\000R\000e\000c\000e\000b\000e\000r\000\040\000E\000n\000t\000r\000e\000g\000\341\000v\000e\000i\000s\000'\000'}{subsection.8.3}% 102
\BOOKMARK [3][-]{subsubsection.8.3.3}{\376\377\000D\000e\000c\000i\000s\000\343\000o\000:\000\040\000`\000`\000T\000o\000d\000o\000s\000\040\000o\000s\000\040\000p\000r\000o\000d\000u\000t\000o\000s\000\040\000e\000n\000t\000r\000e\000g\000u\000e\000s\000?\000'\000'}{subsection.8.3}% 103
\BOOKMARK [3][-]{subsubsection.8.3.4}{\376\377\000D\000e\000c\000i\000s\000\343\000o\000:\000\040\000`\000`\000S\000e\000r\000\341\000\040\000p\000r\000e\000c\000i\000d\000o\000\040\000m\000e\000d\000i\000r\000?\000'\000'}{subsection.8.3}% 104
\BOOKMARK [3][-]{subsubsection.8.3.5}{\376\377\000P\000r\000o\000c\000e\000s\000s\000o\000:\000\040\000`\000`\000S\000o\000l\000i\000c\000i\000t\000a\000r\000\040\000S\000e\000r\000v\000i\000\347\000o\000\040\000d\000e\000\040\000M\000e\000d\000i\000\347\000\343\000o\000'\000'}{subsection.8.3}% 105
\BOOKMARK [3][-]{subsubsection.8.3.6}{\376\377\000P\000r\000o\000c\000e\000s\000s\000o\000:\000\040\000`\000`\000E\000x\000e\000c\000u\000t\000a\000r\000\040\000S\000e\000r\000v\000i\000\347\000o\000\040\000d\000e\000\040\000M\000e\000d\000i\000\347\000\343\000o\000\040\000d\000e\000\040\000S\000i\000s\000t\000e\000m\000a\000s\000'\000'}{subsection.8.3}% 106
\BOOKMARK [3][-]{subsubsection.8.3.7}{\376\377\000D\000e\000c\000i\000s\000\343\000o\000:\000\040\000`\000`\000S\000e\000r\000\341\000\040\000p\000r\000e\000c\000i\000s\000o\000\040\000t\000e\000s\000t\000a\000r\000?\000'\000'}{subsection.8.3}% 107
\BOOKMARK [3][-]{subsubsection.8.3.8}{\376\377\000P\000r\000o\000c\000e\000s\000s\000o\000:\000\040\000`\000`\000S\000o\000l\000i\000c\000i\000t\000a\000r\000\040\000S\000e\000r\000v\000i\000\347\000o\000\040\000d\000e\000\040\000Q\000u\000a\000l\000i\000d\000a\000d\000e\000'\000'}{subsection.8.3}% 108
\BOOKMARK [3][-]{subsubsection.8.3.9}{\376\377\000P\000r\000o\000c\000e\000s\000s\000o\000:\000\040\000`\000`\000E\000x\000e\000c\000u\000t\000a\000r\000\040\000S\000e\000r\000v\000i\000\347\000o\000\040\000d\000e\000\040\000C\000o\000n\000t\000r\000o\000l\000e\000\040\000d\000e\000\040\000Q\000u\000a\000l\000i\000d\000a\000d\000e\000'\000'}{subsection.8.3}% 109
\BOOKMARK [3][-]{subsubsection.8.3.10}{\376\377\000P\000r\000o\000c\000e\000s\000s\000o\000:\000\040\000`\000`\000R\000e\000a\000l\000i\000z\000a\000r\000\040\000A\000t\000e\000s\000t\000e\000\040\000T\000\351\000c\000n\000i\000c\000o\000'\000'}{subsection.8.3}% 110
\BOOKMARK [3][-]{subsubsection.8.3.11}{\376\377\000E\000v\000e\000n\000t\000o\000:\000\040\000`\000`\000S\000i\000n\000a\000l\000\040\000d\000e\000\040\000F\000i\000m\000'\000'}{subsection.8.3}% 111
\BOOKMARK [2][-]{subsection.8.4}{\376\377\000S\000u\000b\000p\000r\000o\000c\000e\000s\000s\000o\000\040\000R\000e\000a\000l\000i\000z\000a\000r\000\040\000R\000e\000u\000n\000i\000\365\000e\000s\000\040\000d\000e\000\040\000P\000l\000a\000n\000e\000j\000a\000m\000e\000n\000t\000o}{section.8}% 112
\BOOKMARK [3][-]{subsubsection.8.4.1}{\376\377\000E\000v\000e\000n\000t\000o\000:\000\040\000`\000`\000S\000i\000n\000a\000l\000\040\000d\000e\000\040\000I\000n\000\355\000c\000i\000o\000'\000'}{subsection.8.4}% 113
\BOOKMARK [3][-]{subsubsection.8.4.2}{\376\377\000P\000r\000o\000c\000e\000s\000s\000o\000:\000\040\000`\000`\000R\000e\000a\000l\000i\000z\000a\000r\000\040\000R\000e\000u\000n\000i\000\365\000e\000s\000\040\000T\000I\000\040\000e\000\040\000N\000e\000g\000\363\000c\000i\000o\000s\000'\000'}{subsection.8.4}% 114
\BOOKMARK [3][-]{subsubsection.8.4.3}{\376\377\000P\000r\000o\000c\000e\000s\000s\000o\000:\000\040\000`\000`\000R\000e\000a\000l\000i\000z\000a\000r\000\040\000R\000e\000u\000n\000i\000\365\000e\000s\000\040\000C\000L\000D\000F\000\040\000e\000\040\000F\000\341\000b\000r\000i\000c\000a\000s\000\040\000\050\000F\000S\000\040\000e\000\040\000F\000Q\000\051\000'\000'}{subsection.8.4}% 115
\BOOKMARK [3][-]{subsubsection.8.4.4}{\376\377\000E\000v\000e\000n\000t\000o\000:\000\040\000`\000`\000S\000i\000n\000a\000l\000\040\000d\000e\000\040\000F\000i\000m\000'\000'}{subsection.8.4}% 116
\BOOKMARK [1][-]{section.9}{\376\377\000N\000o\000r\000m\000a\000s\000\040\000C\000o\000m\000p\000l\000e\000m\000e\000n\000t\000a\000r\000e\000s}{}% 117
\BOOKMARK [2][-]{subsection.9.1}{\376\377\000N\000o\000r\000m\000a\000s\000\040\000C\000o\000m\000p\000l\000e\000m\000e\000n\000t\000a\000r\000e\000s\000\040\000p\000a\000r\000a\000\040\000C\000o\000n\000t\000a\000g\000e\000m\000\040\000d\000e\000\040\000P\000o\000n\000t\000o\000s\000\040\000d\000e\000\040\000F\000u\000n\000\347\000\343\000o}{section.9}% 118
\BOOKMARK [3][-]{subsubsection.9.1.1}{\376\377\000R\000e\000u\000n\000i\000\343\000o\000\040\000d\000e\000\040\000M\000e\000d\000i\000a\000\347\000\343\000o\000\040\000d\000e\000\040\000D\000i\000v\000e\000r\000g\000\352\000n\000c\000i\000a\000\040\000d\000e\000\040\000A\000f\000e\000r\000i\000\347\000\343\000o\000\040\000d\000e\000\040\000P\000o\000n\000t\000o\000s\000\040\000d\000e\000\040\000F\000u\000n\000\347\000\343\000o}{subsection.9.1}% 119
\BOOKMARK [1][-]{section.10}{\376\377\000C\000o\000n\000s\000i\000d\000e\000r\000a\000\347\000\365\000e\000s\000\040\000F\000i\000n\000a\000i\000s}{}% 120
\BOOKMARK [1][-]{section.10}{\376\377\000D\000O\000C\000U\000M\000E\000N\000T\000O\000S\000\040\000D\000E\000\040\000D\000I\000R\000E\000T\000R\000I\000Z\000E\000S}{}% 121
\BOOKMARK [1][-]{appendix.A}{\376\377\000A\000f\000a\000z\000e\000r\000e\000s}{}% 122
\BOOKMARK [2][-]{subsection.A.1}{\376\377\000R\000e\000v\000i\000s\000\365\000e\000s}{appendix.A}% 123
